#Build: Fabric Compiler 2022.1, Build 99559, Jul 12 00:20 2022
#Install: C:\pango\PDS_2022.1\bin
#Application name: pds.exe
#OS: Windows 10 10.0.19045
#Hostname: DESKTOP-DCFRB28
Generated by Fabric Compiler (version 2022.1 build 99559) at Wed Oct 11 21:34:17 2023
Parse module hierarchy of project 'C:/Users/WS/Desktop/SoC/E203_SoC/PDS/E203/temp_projects/Main_Flow/Main_Flow.pds' (ADS Parser)
File "C:/Users/WS/Desktop/SoC/E203_SoC/E203_RTL/tb/tb_top.v" has been added to project successfully. 
Parse module hierarchy of project 'C:/Users/WS/Desktop/SoC/E203_SoC/PDS/E203/temp_projects/Main_Flow/Main_Flow.pds' (ADS Parser)
E: Simulation-0006: The Simulation Tool: C:\modeltech64_2020.4\win64/modelsim.exe does not exist.
Parse module hierarchy of project 'C:/Users/WS/Desktop/SoC/E203_SoC/PDS/E203/temp_projects/Main_Flow/Main_Flow.pds' (ADS Parser)
Parse module hierarchy of project 'C:/Users/WS/Desktop/SoC/E203_SoC/PDS/E203/temp_projects/Main_Flow/Main_Flow.pds' (ADS Parser)
I: Flow-6004: Design file modified: "C:/Users/WS/Desktop/SoC/E203_SoC/E203_RTL/general/sirv_gnrl_dffs.v". 
Parse module hierarchy of project 'C:/Users/WS/Desktop/SoC/E203_SoC/PDS/E203/temp_projects/Main_Flow/Main_Flow.pds' (ADS Parser)
I: Flow-6004: Design file modified: "C:/Users/WS/Desktop/SoC/E203_SoC/E203_RTL/general/sirv_gnrl_dffs.v". 
Parse module hierarchy of project 'C:/Users/WS/Desktop/SoC/E203_SoC/PDS/E203/temp_projects/Main_Flow/Main_Flow.pds' (ADS Parser)
I: Flow-6004: Design file modified: "C:/Users/WS/Desktop/SoC/E203_SoC/E203_RTL/general/sirv_gnrl_dffs.v". 
Parse module hierarchy of project 'C:/Users/WS/Desktop/SoC/E203_SoC/PDS/E203/temp_projects/Main_Flow/Main_Flow.pds' (ADS Parser)
I: Flow-6004: Design file modified: "C:/Users/WS/Desktop/SoC/E203_SoC/E203_RTL/general/sirv_gnrl_dffs.v". 
Parse module hierarchy of project 'C:/Users/WS/Desktop/SoC/E203_SoC/PDS/E203/temp_projects/Main_Flow/Main_Flow.pds' (ADS Parser)
I: Flow-6004: Design file modified: "C:/Users/WS/Desktop/SoC/E203_SoC/E203_RTL/general/sirv_gnrl_dffs.v". 
Parse module hierarchy of project 'C:/Users/WS/Desktop/SoC/E203_SoC/PDS/E203/temp_projects/Main_Flow/Main_Flow.pds' (ADS Parser)
I: Flow-6004: Design file modified: "C:/Users/WS/Desktop/SoC/E203_SoC/E203_RTL/perips/apb_i2c/i2c_master_byte_ctrl.v". 
