#Build: Fabric Compiler 2022.1, Build 99559, Jul 12 00:20 2022
#Install: C:\pango\PDS_2022.1\bin
#Application name: pds.exe
#OS: Windows 10 10.0.19045
#Hostname: DESKTOP-DCFRB28
Generated by Fabric Compiler (version 2022.1 build 99559) at Wed Oct 11 21:26:34 2023
Parse module hierarchy of project 'C:/Users/WS/Desktop/SoC/E203_SoC/PDS/E203/temp_projects/Main_Flow/Main_Flow.pds' (ADS Parser)
E: Verilog-4123: [C:/Users/WS/Desktop/SoC/E203_SoC/E203_RTL/tb/tb_top.v(line number: 22)] Could not resolve hierarchical name u_e203_subsys_top
E: Verilog-4123: [C:/Users/WS/Desktop/SoC/E203_SoC/E203_RTL/tb/tb_top.v(line number: 22)] Could not resolve hierarchical name u_e203_subsys_main
E: Verilog-4123: [C:/Users/WS/Desktop/SoC/E203_SoC/E203_RTL/tb/tb_top.v(line number: 22)] Could not resolve hierarchical name u_e203_cpu_top
E: Verilog-4123: [C:/Users/WS/Desktop/SoC/E203_SoC/E203_RTL/tb/tb_top.v(line number: 22)] Could not resolve hierarchical name u_e203_cpu
E: Verilog-4123: [C:/Users/WS/Desktop/SoC/E203_SoC/E203_RTL/tb/tb_top.v(line number: 22)] Could not resolve hierarchical name u_e203_core
E: Verilog-4123: [C:/Users/WS/Desktop/SoC/E203_SoC/E203_RTL/tb/tb_top.v(line number: 22)] Could not resolve hierarchical name u_e203_exu
E: Verilog-4123: [C:/Users/WS/Desktop/SoC/E203_SoC/E203_RTL/tb/tb_top.v(line number: 22)] Could not resolve hierarchical name u_e203_exu_regfile
E: Verilog-4039: [C:/Users/WS/Desktop/SoC/E203_SoC/E203_RTL/tb/tb_top.v(line number: 22)] Identifier u_e203_soc_top.u_e203_subsys_top.u_e203_subsys_main.u_e203_cpu_top.u_e203_cpu.u_e203_core.u_e203_exu.u_e203_exu_regfile.rf_r is not declared
E: Verilog-4123: [C:/Users/WS/Desktop/SoC/E203_SoC/E203_RTL/tb/tb_top.v(line number: 23)] Could not resolve hierarchical name u_e203_subsys_top
E: Verilog-4123: [C:/Users/WS/Desktop/SoC/E203_SoC/E203_RTL/tb/tb_top.v(line number: 23)] Could not resolve hierarchical name u_e203_subsys_main
E: Verilog-4123: [C:/Users/WS/Desktop/SoC/E203_SoC/E203_RTL/tb/tb_top.v(line number: 23)] Could not resolve hierarchical name u_e203_cpu_top
E: Verilog-4123: [C:/Users/WS/Desktop/SoC/E203_SoC/E203_RTL/tb/tb_top.v(line number: 23)] Could not resolve hierarchical name u_e203_cpu
E: Verilog-4123: [C:/Users/WS/Desktop/SoC/E203_SoC/E203_RTL/tb/tb_top.v(line number: 23)] Could not resolve hierarchical name u_e203_core
E: Verilog-4123: [C:/Users/WS/Desktop/SoC/E203_SoC/E203_RTL/tb/tb_top.v(line number: 23)] Could not resolve hierarchical name u_e203_exu
E: Verilog-4123: [C:/Users/WS/Desktop/SoC/E203_SoC/E203_RTL/tb/tb_top.v(line number: 23)] Could not resolve hierarchical name u_e203_exu_commit
E: Verilog-4123: [C:/Users/WS/Desktop/SoC/E203_SoC/E203_RTL/tb/tb_top.v(line number: 24)] Could not resolve hierarchical name u_e203_subsys_top
E: Verilog-4123: [C:/Users/WS/Desktop/SoC/E203_SoC/E203_RTL/tb/tb_top.v(line number: 24)] Could not resolve hierarchical name u_e203_subsys_main
E: Verilog-4123: [C:/Users/WS/Desktop/SoC/E203_SoC/E203_RTL/tb/tb_top.v(line number: 24)] Could not resolve hierarchical name u_e203_cpu_top
E: Verilog-4123: [C:/Users/WS/Desktop/SoC/E203_SoC/E203_RTL/tb/tb_top.v(line number: 24)] Could not resolve hierarchical name u_e203_cpu
E: Verilog-4123: [C:/Users/WS/Desktop/SoC/E203_SoC/E203_RTL/tb/tb_top.v(line number: 24)] Could not resolve hierarchical name u_e203_core
E: Verilog-4123: [C:/Users/WS/Desktop/SoC/E203_SoC/E203_RTL/tb/tb_top.v(line number: 24)] Could not resolve hierarchical name u_e203_exu
E: Verilog-4123: [C:/Users/WS/Desktop/SoC/E203_SoC/E203_RTL/tb/tb_top.v(line number: 24)] Could not resolve hierarchical name u_e203_exu_commit
E: Verilog-4123: [C:/Users/WS/Desktop/SoC/E203_SoC/E203_RTL/tb/tb_top.v(line number: 58)] Could not resolve hierarchical name u_e203_subsys_top
E: Verilog-4123: [C:/Users/WS/Desktop/SoC/E203_SoC/E203_RTL/tb/tb_top.v(line number: 58)] Could not resolve hierarchical name u_e203_subsys_main
E: Verilog-4123: [C:/Users/WS/Desktop/SoC/E203_SoC/E203_RTL/tb/tb_top.v(line number: 58)] Could not resolve hierarchical name u_e203_cpu_top
E: Verilog-4123: [C:/Users/WS/Desktop/SoC/E203_SoC/E203_RTL/tb/tb_top.v(line number: 58)] Could not resolve hierarchical name u_e203_cpu
E: Verilog-4123: [C:/Users/WS/Desktop/SoC/E203_SoC/E203_RTL/tb/tb_top.v(line number: 58)] Could not resolve hierarchical name u_e203_core
E: Verilog-4123: [C:/Users/WS/Desktop/SoC/E203_SoC/E203_RTL/tb/tb_top.v(line number: 58)] Could not resolve hierarchical name u_e203_exu
E: Verilog-4123: [C:/Users/WS/Desktop/SoC/E203_SoC/E203_RTL/tb/tb_top.v(line number: 59)] Could not resolve hierarchical name u_e203_subsys_top
E: Verilog-4123: [C:/Users/WS/Desktop/SoC/E203_SoC/E203_RTL/tb/tb_top.v(line number: 59)] Could not resolve hierarchical name u_e203_subsys_main
E: Verilog-4123: [C:/Users/WS/Desktop/SoC/E203_SoC/E203_RTL/tb/tb_top.v(line number: 59)] Could not resolve hierarchical name u_e203_cpu_top
E: Verilog-4123: [C:/Users/WS/Desktop/SoC/E203_SoC/E203_RTL/tb/tb_top.v(line number: 59)] Could not resolve hierarchical name u_e203_cpu
E: Verilog-4123: [C:/Users/WS/Desktop/SoC/E203_SoC/E203_RTL/tb/tb_top.v(line number: 59)] Could not resolve hierarchical name u_e203_core
E: Verilog-4123: [C:/Users/WS/Desktop/SoC/E203_SoC/E203_RTL/tb/tb_top.v(line number: 59)] Could not resolve hierarchical name u_e203_exu
E: Verilog-4123: [C:/Users/WS/Desktop/SoC/E203_SoC/E203_RTL/tb/tb_top.v(line number: 273)] Could not resolve hierarchical name u_e203_subsys_top
E: Verilog-4123: [C:/Users/WS/Desktop/SoC/E203_SoC/E203_RTL/tb/tb_top.v(line number: 273)] Could not resolve hierarchical name u_e203_subsys_main
E: Verilog-4123: [C:/Users/WS/Desktop/SoC/E203_SoC/E203_RTL/tb/tb_top.v(line number: 273)] Could not resolve hierarchical name u_e203_cpu_top
E: Verilog-4123: [C:/Users/WS/Desktop/SoC/E203_SoC/E203_RTL/tb/tb_top.v(line number: 273)] Could not resolve hierarchical name u_e203_srams
E: Verilog-4123: [C:/Users/WS/Desktop/SoC/E203_SoC/E203_RTL/tb/tb_top.v(line number: 273)] Could not resolve hierarchical name u_e203_itcm_ram
E: Verilog-4123: [C:/Users/WS/Desktop/SoC/E203_SoC/E203_RTL/tb/tb_top.v(line number: 273)] Could not resolve hierarchical name u_e203_itcm_gnrl_ram
E: Verilog-4123: [C:/Users/WS/Desktop/SoC/E203_SoC/E203_RTL/tb/tb_top.v(line number: 273)] Could not resolve hierarchical name u_sirv_sim_ram
E: Verilog-4039: [C:/Users/WS/Desktop/SoC/E203_SoC/E203_RTL/tb/tb_top.v(line number: 273)] Identifier mem_r is not declared
E: Verilog-4123: [C:/Users/WS/Desktop/SoC/E203_SoC/E203_RTL/tb/tb_top.v(line number: 274)] Could not resolve hierarchical name u_e203_subsys_top
E: Verilog-4123: [C:/Users/WS/Desktop/SoC/E203_SoC/E203_RTL/tb/tb_top.v(line number: 274)] Could not resolve hierarchical name u_e203_subsys_main
E: Verilog-4123: [C:/Users/WS/Desktop/SoC/E203_SoC/E203_RTL/tb/tb_top.v(line number: 274)] Could not resolve hierarchical name u_e203_cpu_top
E: Verilog-4123: [C:/Users/WS/Desktop/SoC/E203_SoC/E203_RTL/tb/tb_top.v(line number: 274)] Could not resolve hierarchical name u_e203_srams
E: Verilog-4123: [C:/Users/WS/Desktop/SoC/E203_SoC/E203_RTL/tb/tb_top.v(line number: 274)] Could not resolve hierarchical name u_e203_itcm_ram
E: Verilog-4123: [C:/Users/WS/Desktop/SoC/E203_SoC/E203_RTL/tb/tb_top.v(line number: 274)] Could not resolve hierarchical name u_e203_itcm_gnrl_ram
E: Verilog-4123: [C:/Users/WS/Desktop/SoC/E203_SoC/E203_RTL/tb/tb_top.v(line number: 274)] Could not resolve hierarchical name u_sirv_sim_ram
E: Verilog-4039: [C:/Users/WS/Desktop/SoC/E203_SoC/E203_RTL/tb/tb_top.v(line number: 274)] Identifier mem_r is not declared
E: Verilog-4123: [C:/Users/WS/Desktop/SoC/E203_SoC/E203_RTL/tb/tb_top.v(line number: 275)] Could not resolve hierarchical name u_e203_subsys_top
E: Verilog-4123: [C:/Users/WS/Desktop/SoC/E203_SoC/E203_RTL/tb/tb_top.v(line number: 275)] Could not resolve hierarchical name u_e203_subsys_main
E: Verilog-4123: [C:/Users/WS/Desktop/SoC/E203_SoC/E203_RTL/tb/tb_top.v(line number: 275)] Could not resolve hierarchical name u_e203_cpu_top
E: Verilog-4123: [C:/Users/WS/Desktop/SoC/E203_SoC/E203_RTL/tb/tb_top.v(line number: 275)] Could not resolve hierarchical name u_e203_srams
E: Verilog-4123: [C:/Users/WS/Desktop/SoC/E203_SoC/E203_RTL/tb/tb_top.v(line number: 275)] Could not resolve hierarchical name u_e203_itcm_ram
E: Verilog-4123: [C:/Users/WS/Desktop/SoC/E203_SoC/E203_RTL/tb/tb_top.v(line number: 275)] Could not resolve hierarchical name u_e203_itcm_gnrl_ram
E: Verilog-4123: [C:/Users/WS/Desktop/SoC/E203_SoC/E203_RTL/tb/tb_top.v(line number: 275)] Could not resolve hierarchical name u_sirv_sim_ram
E: Verilog-4039: [C:/Users/WS/Desktop/SoC/E203_SoC/E203_RTL/tb/tb_top.v(line number: 275)] Identifier mem_r is not declared
E: Verilog-4123: [C:/Users/WS/Desktop/SoC/E203_SoC/E203_RTL/tb/tb_top.v(line number: 276)] Could not resolve hierarchical name u_e203_subsys_top
E: Verilog-4123: [C:/Users/WS/Desktop/SoC/E203_SoC/E203_RTL/tb/tb_top.v(line number: 276)] Could not resolve hierarchical name u_e203_subsys_main
E: Verilog-4123: [C:/Users/WS/Desktop/SoC/E203_SoC/E203_RTL/tb/tb_top.v(line number: 276)] Could not resolve hierarchical name u_e203_cpu_top
E: Verilog-4123: [C:/Users/WS/Desktop/SoC/E203_SoC/E203_RTL/tb/tb_top.v(line number: 276)] Could not resolve hierarchical name u_e203_srams
E: Verilog-4123: [C:/Users/WS/Desktop/SoC/E203_SoC/E203_RTL/tb/tb_top.v(line number: 276)] Could not resolve hierarchical name u_e203_itcm_ram
E: Verilog-4123: [C:/Users/WS/Desktop/SoC/E203_SoC/E203_RTL/tb/tb_top.v(line number: 276)] Could not resolve hierarchical name u_e203_itcm_gnrl_ram
E: Verilog-4123: [C:/Users/WS/Desktop/SoC/E203_SoC/E203_RTL/tb/tb_top.v(line number: 276)] Could not resolve hierarchical name u_sirv_sim_ram
E: Verilog-4039: [C:/Users/WS/Desktop/SoC/E203_SoC/E203_RTL/tb/tb_top.v(line number: 276)] Identifier mem_r is not declared
E: Verilog-4123: [C:/Users/WS/Desktop/SoC/E203_SoC/E203_RTL/tb/tb_top.v(line number: 277)] Could not resolve hierarchical name u_e203_subsys_top
E: Verilog-4123: [C:/Users/WS/Desktop/SoC/E203_SoC/E203_RTL/tb/tb_top.v(line number: 277)] Could not resolve hierarchical name u_e203_subsys_main
E: Verilog-4123: [C:/Users/WS/Desktop/SoC/E203_SoC/E203_RTL/tb/tb_top.v(line number: 277)] Could not resolve hierarchical name u_e203_cpu_top
E: Verilog-4123: [C:/Users/WS/Desktop/SoC/E203_SoC/E203_RTL/tb/tb_top.v(line number: 277)] Could not resolve hierarchical name u_e203_srams
E: Verilog-4123: [C:/Users/WS/Desktop/SoC/E203_SoC/E203_RTL/tb/tb_top.v(line number: 277)] Could not resolve hierarchical name u_e203_itcm_ram
E: Verilog-4123: [C:/Users/WS/Desktop/SoC/E203_SoC/E203_RTL/tb/tb_top.v(line number: 277)] Could not resolve hierarchical name u_e203_itcm_gnrl_ram
E: Verilog-4123: [C:/Users/WS/Desktop/SoC/E203_SoC/E203_RTL/tb/tb_top.v(line number: 277)] Could not resolve hierarchical name u_sirv_sim_ram
E: Verilog-4039: [C:/Users/WS/Desktop/SoC/E203_SoC/E203_RTL/tb/tb_top.v(line number: 277)] Identifier mem_r is not declared
E: Verilog-4123: [C:/Users/WS/Desktop/SoC/E203_SoC/E203_RTL/tb/tb_top.v(line number: 278)] Could not resolve hierarchical name u_e203_subsys_top
E: Verilog-4123: [C:/Users/WS/Desktop/SoC/E203_SoC/E203_RTL/tb/tb_top.v(line number: 278)] Could not resolve hierarchical name u_e203_subsys_main
E: Verilog-4123: [C:/Users/WS/Desktop/SoC/E203_SoC/E203_RTL/tb/tb_top.v(line number: 278)] Could not resolve hierarchical name u_e203_cpu_top
E: Verilog-4123: [C:/Users/WS/Desktop/SoC/E203_SoC/E203_RTL/tb/tb_top.v(line number: 278)] Could not resolve hierarchical name u_e203_srams
E: Verilog-4123: [C:/Users/WS/Desktop/SoC/E203_SoC/E203_RTL/tb/tb_top.v(line number: 278)] Could not resolve hierarchical name u_e203_itcm_ram
E: Verilog-4123: [C:/Users/WS/Desktop/SoC/E203_SoC/E203_RTL/tb/tb_top.v(line number: 278)] Could not resolve hierarchical name u_e203_itcm_gnrl_ram
E: Verilog-4123: [C:/Users/WS/Desktop/SoC/E203_SoC/E203_RTL/tb/tb_top.v(line number: 278)] Could not resolve hierarchical name u_sirv_sim_ram
E: Verilog-4039: [C:/Users/WS/Desktop/SoC/E203_SoC/E203_RTL/tb/tb_top.v(line number: 278)] Identifier mem_r is not declared
E: Verilog-4123: [C:/Users/WS/Desktop/SoC/E203_SoC/E203_RTL/tb/tb_top.v(line number: 279)] Could not resolve hierarchical name u_e203_subsys_top
E: Verilog-4123: [C:/Users/WS/Desktop/SoC/E203_SoC/E203_RTL/tb/tb_top.v(line number: 279)] Could not resolve hierarchical name u_e203_subsys_main
E: Verilog-4123: [C:/Users/WS/Desktop/SoC/E203_SoC/E203_RTL/tb/tb_top.v(line number: 279)] Could not resolve hierarchical name u_e203_cpu_top
E: Verilog-4123: [C:/Users/WS/Desktop/SoC/E203_SoC/E203_RTL/tb/tb_top.v(line number: 279)] Could not resolve hierarchical name u_e203_srams
E: Verilog-4123: [C:/Users/WS/Desktop/SoC/E203_SoC/E203_RTL/tb/tb_top.v(line number: 279)] Could not resolve hierarchical name u_e203_itcm_ram
E: Verilog-4123: [C:/Users/WS/Desktop/SoC/E203_SoC/E203_RTL/tb/tb_top.v(line number: 279)] Could not resolve hierarchical name u_e203_itcm_gnrl_ram
E: Verilog-4123: [C:/Users/WS/Desktop/SoC/E203_SoC/E203_RTL/tb/tb_top.v(line number: 279)] Could not resolve hierarchical name u_sirv_sim_ram
E: Verilog-4039: [C:/Users/WS/Desktop/SoC/E203_SoC/E203_RTL/tb/tb_top.v(line number: 279)] Identifier mem_r is not declared
E: Verilog-4123: [C:/Users/WS/Desktop/SoC/E203_SoC/E203_RTL/tb/tb_top.v(line number: 280)] Could not resolve hierarchical name u_e203_subsys_top
E: Verilog-4123: [C:/Users/WS/Desktop/SoC/E203_SoC/E203_RTL/tb/tb_top.v(line number: 280)] Could not resolve hierarchical name u_e203_subsys_main
E: Verilog-4123: [C:/Users/WS/Desktop/SoC/E203_SoC/E203_RTL/tb/tb_top.v(line number: 280)] Could not resolve hierarchical name u_e203_cpu_top
E: Verilog-4123: [C:/Users/WS/Desktop/SoC/E203_SoC/E203_RTL/tb/tb_top.v(line number: 280)] Could not resolve hierarchical name u_e203_srams
E: Verilog-4123: [C:/Users/WS/Desktop/SoC/E203_SoC/E203_RTL/tb/tb_top.v(line number: 280)] Could not resolve hierarchical name u_e203_itcm_ram
E: Verilog-4123: [C:/Users/WS/Desktop/SoC/E203_SoC/E203_RTL/tb/tb_top.v(line number: 280)] Could not resolve hierarchical name u_e203_itcm_gnrl_ram
E: Verilog-4123: [C:/Users/WS/Desktop/SoC/E203_SoC/E203_RTL/tb/tb_top.v(line number: 280)] Could not resolve hierarchical name u_sirv_sim_ram
E: Verilog-4039: [C:/Users/WS/Desktop/SoC/E203_SoC/E203_RTL/tb/tb_top.v(line number: 280)] Identifier mem_r is not declared
E: Parsing ERROR.
File "C:/Users/WS/Desktop/SoC/E203_SoC/E203_RTL/tb/tb_top.v" has been removed from project successfully. 
Parse module hierarchy of project 'C:/Users/WS/Desktop/SoC/E203_SoC/PDS/E203/temp_projects/Main_Flow/Main_Flow.pds' (ADS Parser)
E: Verilog-4116: [C:/Users/WS/Desktop/SoC/E203_SoC/E203_RTL/system.v(line number: 149)] Size mismatch between port IO of instance(s) gpioA_iobuf and the net bound to it
