#Build: Fabric Compiler 2022.1, Build 99559, Jul 12 00:20 2022
#Install: C:\pango\PDS_2022.1\bin
#Application name: pds.exe
#OS: Windows 10 10.0.19045
#Hostname: DESKTOP-DCFRB28
Generated by Fabric Compiler (version 2022.1 build 99559) at Wed Oct 11 21:24:14 2023
File "C:/Users/WS/Desktop/SoC/E203_SoC/E203_RTL/system.v" has been added to project successfully. 
File "C:/Users/WS/Desktop/SoC/E203_SoC/E203_RTL/core/config.v" has been added to project successfully. 
File "C:/Users/WS/Desktop/SoC/E203_SoC/E203_RTL/core/e203_biu.v" has been added to project successfully. 
File "C:/Users/WS/Desktop/SoC/E203_SoC/E203_RTL/core/e203_clkgate.v" has been added to project successfully. 
File "C:/Users/WS/Desktop/SoC/E203_SoC/E203_RTL/core/e203_clk_ctrl.v" has been added to project successfully. 
File "C:/Users/WS/Desktop/SoC/E203_SoC/E203_RTL/core/e203_core.v" has been added to project successfully. 
File "C:/Users/WS/Desktop/SoC/E203_SoC/E203_RTL/core/e203_cpu.v" has been added to project successfully. 
File "C:/Users/WS/Desktop/SoC/E203_SoC/E203_RTL/core/e203_cpu_top.v" has been added to project successfully. 
File "C:/Users/WS/Desktop/SoC/E203_SoC/E203_RTL/core/e203_defines.v" has been added to project successfully. 
File "C:/Users/WS/Desktop/SoC/E203_SoC/E203_RTL/core/e203_dtcm_ctrl.v" has been added to project successfully. 
File "C:/Users/WS/Desktop/SoC/E203_SoC/E203_RTL/core/e203_dtcm_ram.v" has been added to project successfully. 
File "C:/Users/WS/Desktop/SoC/E203_SoC/E203_RTL/core/e203_extend_csr.v" has been added to project successfully. 
File "C:/Users/WS/Desktop/SoC/E203_SoC/E203_RTL/core/e203_exu.v" has been added to project successfully. 
File "C:/Users/WS/Desktop/SoC/E203_SoC/E203_RTL/core/e203_exu_alu.v" has been added to project successfully. 
File "C:/Users/WS/Desktop/SoC/E203_SoC/E203_RTL/core/e203_exu_alu_bjp.v" has been added to project successfully. 
File "C:/Users/WS/Desktop/SoC/E203_SoC/E203_RTL/core/e203_exu_alu_csrctrl.v" has been added to project successfully. 
File "C:/Users/WS/Desktop/SoC/E203_SoC/E203_RTL/core/e203_exu_alu_dpath.v" has been added to project successfully. 
File "C:/Users/WS/Desktop/SoC/E203_SoC/E203_RTL/core/e203_exu_alu_lsuagu.v" has been added to project successfully. 
File "C:/Users/WS/Desktop/SoC/E203_SoC/E203_RTL/core/e203_exu_alu_muldiv.v" has been added to project successfully. 
File "C:/Users/WS/Desktop/SoC/E203_SoC/E203_RTL/core/e203_exu_alu_rglr.v" has been added to project successfully. 
File "C:/Users/WS/Desktop/SoC/E203_SoC/E203_RTL/core/e203_exu_branchslv.v" has been added to project successfully. 
File "C:/Users/WS/Desktop/SoC/E203_SoC/E203_RTL/core/e203_exu_commit.v" has been added to project successfully. 
File "C:/Users/WS/Desktop/SoC/E203_SoC/E203_RTL/core/e203_exu_csr.v" has been added to project successfully. 
File "C:/Users/WS/Desktop/SoC/E203_SoC/E203_RTL/core/e203_exu_decode.v" has been added to project successfully. 
File "C:/Users/WS/Desktop/SoC/E203_SoC/E203_RTL/core/e203_exu_disp.v" has been added to project successfully. 
File "C:/Users/WS/Desktop/SoC/E203_SoC/E203_RTL/core/e203_exu_excp.v" has been added to project successfully. 
File "C:/Users/WS/Desktop/SoC/E203_SoC/E203_RTL/core/e203_exu_longpwbck.v" has been added to project successfully. 
File "C:/Users/WS/Desktop/SoC/E203_SoC/E203_RTL/core/e203_exu_nice.v" has been added to project successfully. 
File "C:/Users/WS/Desktop/SoC/E203_SoC/E203_RTL/core/e203_exu_oitf.v" has been added to project successfully. 
File "C:/Users/WS/Desktop/SoC/E203_SoC/E203_RTL/core/e203_exu_regfile.v" has been added to project successfully. 
File "C:/Users/WS/Desktop/SoC/E203_SoC/E203_RTL/core/e203_exu_wbck.v" has been added to project successfully. 
File "C:/Users/WS/Desktop/SoC/E203_SoC/E203_RTL/core/e203_ifu.v" has been added to project successfully. 
File "C:/Users/WS/Desktop/SoC/E203_SoC/E203_RTL/core/e203_ifu_ifetch.v" has been added to project successfully. 
File "C:/Users/WS/Desktop/SoC/E203_SoC/E203_RTL/core/e203_ifu_ift2icb.v" has been added to project successfully. 
File "C:/Users/WS/Desktop/SoC/E203_SoC/E203_RTL/core/e203_ifu_litebpu.v" has been added to project successfully. 
File "C:/Users/WS/Desktop/SoC/E203_SoC/E203_RTL/core/e203_ifu_minidec.v" has been added to project successfully. 
File "C:/Users/WS/Desktop/SoC/E203_SoC/E203_RTL/core/e203_irq_sync.v" has been added to project successfully. 
File "C:/Users/WS/Desktop/SoC/E203_SoC/E203_RTL/core/e203_itcm_ctrl.v" has been added to project successfully. 
File "C:/Users/WS/Desktop/SoC/E203_SoC/E203_RTL/core/e203_itcm_ram.v" has been added to project successfully. 
File "C:/Users/WS/Desktop/SoC/E203_SoC/E203_RTL/core/e203_lsu.v" has been added to project successfully. 
File "C:/Users/WS/Desktop/SoC/E203_SoC/E203_RTL/core/e203_lsu_ctrl.v" has been added to project successfully. 
File "C:/Users/WS/Desktop/SoC/E203_SoC/E203_RTL/core/e203_reset_ctrl.v" has been added to project successfully. 
File "C:/Users/WS/Desktop/SoC/E203_SoC/E203_RTL/core/e203_srams.v" has been added to project successfully. 
File "C:/Users/WS/Desktop/SoC/E203_SoC/E203_RTL/debug/sirv_debug_csr.v" has been added to project successfully. 
File "C:/Users/WS/Desktop/SoC/E203_SoC/E203_RTL/debug/sirv_debug_module.v" has been added to project successfully. 
File "C:/Users/WS/Desktop/SoC/E203_SoC/E203_RTL/debug/sirv_debug_ram.v" has been added to project successfully. 
File "C:/Users/WS/Desktop/SoC/E203_SoC/E203_RTL/debug/sirv_debug_rom.v" has been added to project successfully. 
File "C:/Users/WS/Desktop/SoC/E203_SoC/E203_RTL/debug/sirv_jtag_dtm.v" has been added to project successfully. 
File "C:/Users/WS/Desktop/SoC/E203_SoC/E203_RTL/fab/sirv_icb1to16_bus.v" has been added to project successfully. 
File "C:/Users/WS/Desktop/SoC/E203_SoC/E203_RTL/fab/sirv_icb1to2_bus.v" has been added to project successfully. 
File "C:/Users/WS/Desktop/SoC/E203_SoC/E203_RTL/fab/sirv_icb1to8_bus.v" has been added to project successfully. 
File "C:/Users/WS/Desktop/SoC/E203_SoC/E203_RTL/general/sirv_1cyc_sram_ctrl.v" has been added to project successfully. 
File "C:/Users/WS/Desktop/SoC/E203_SoC/E203_RTL/general/sirv_gnrl_bufs.v" has been added to project successfully. 
File "C:/Users/WS/Desktop/SoC/E203_SoC/E203_RTL/general/sirv_gnrl_dffs.v" has been added to project successfully. 
File "C:/Users/WS/Desktop/SoC/E203_SoC/E203_RTL/general/sirv_gnrl_icbs.v" has been added to project successfully. 
File "C:/Users/WS/Desktop/SoC/E203_SoC/E203_RTL/general/sirv_gnrl_ram.v" has been added to project successfully. 
File "C:/Users/WS/Desktop/SoC/E203_SoC/E203_RTL/general/sirv_gnrl_xchecker.v" has been added to project successfully. 
File "C:/Users/WS/Desktop/SoC/E203_SoC/E203_RTL/general/sirv_sim_ram.v" has been added to project successfully. 
File "C:/Users/WS/Desktop/SoC/E203_SoC/E203_RTL/general/sirv_sram_icb_ctrl.v" has been added to project successfully. 
File "C:/Users/WS/Desktop/SoC/E203_SoC/E203_RTL/mems/sirv_mrom.v" has been added to project successfully. 
File "C:/Users/WS/Desktop/SoC/E203_SoC/E203_RTL/mems/sirv_mrom_top.v" has been added to project successfully. 
File "C:/Users/WS/Desktop/SoC/E203_SoC/E203_RTL/perips/sirv_aon.v" has been added to project successfully. 
File "C:/Users/WS/Desktop/SoC/E203_SoC/E203_RTL/perips/sirv_aon_lclkgen_regs.v" has been added to project successfully. 
File "C:/Users/WS/Desktop/SoC/E203_SoC/E203_RTL/perips/sirv_aon_porrst.v" has been added to project successfully. 
File "C:/Users/WS/Desktop/SoC/E203_SoC/E203_RTL/perips/sirv_aon_top.v" has been added to project successfully. 
File "C:/Users/WS/Desktop/SoC/E203_SoC/E203_RTL/perips/sirv_aon_wrapper.v" has been added to project successfully. 
File "C:/Users/WS/Desktop/SoC/E203_SoC/E203_RTL/perips/sirv_AsyncResetReg.v" has been added to project successfully. 
File "C:/Users/WS/Desktop/SoC/E203_SoC/E203_RTL/perips/sirv_AsyncResetRegVec.v" has been added to project successfully. 
File "C:/Users/WS/Desktop/SoC/E203_SoC/E203_RTL/perips/sirv_AsyncResetRegVec_1.v" has been added to project successfully. 
File "C:/Users/WS/Desktop/SoC/E203_SoC/E203_RTL/perips/sirv_AsyncResetRegVec_129.v" has been added to project successfully. 
File "C:/Users/WS/Desktop/SoC/E203_SoC/E203_RTL/perips/sirv_AsyncResetRegVec_36.v" has been added to project successfully. 
File "C:/Users/WS/Desktop/SoC/E203_SoC/E203_RTL/perips/sirv_clint.v" has been added to project successfully. 
File "C:/Users/WS/Desktop/SoC/E203_SoC/E203_RTL/perips/sirv_clint_top.v" has been added to project successfully. 
File "C:/Users/WS/Desktop/SoC/E203_SoC/E203_RTL/perips/sirv_DeglitchShiftRegister.v" has been added to project successfully. 
File "C:/Users/WS/Desktop/SoC/E203_SoC/E203_RTL/perips/sirv_expl_axi_slv.v" has been added to project successfully. 
File "C:/Users/WS/Desktop/SoC/E203_SoC/E203_RTL/perips/sirv_flash_qspi.v" has been added to project successfully. 
File "C:/Users/WS/Desktop/SoC/E203_SoC/E203_RTL/perips/sirv_flash_qspi_top.v" has been added to project successfully. 
File "C:/Users/WS/Desktop/SoC/E203_SoC/E203_RTL/perips/sirv_hclkgen_regs.v" has been added to project successfully. 
File "C:/Users/WS/Desktop/SoC/E203_SoC/E203_RTL/perips/sirv_jtaggpioport.v" has been added to project successfully. 
File "C:/Users/WS/Desktop/SoC/E203_SoC/E203_RTL/perips/sirv_LevelGateway.v" has been added to project successfully. 
File "C:/Users/WS/Desktop/SoC/E203_SoC/E203_RTL/perips/sirv_plic_man.v" has been added to project successfully. 
File "C:/Users/WS/Desktop/SoC/E203_SoC/E203_RTL/perips/sirv_plic_top.v" has been added to project successfully. 
File "C:/Users/WS/Desktop/SoC/E203_SoC/E203_RTL/perips/sirv_pmu.v" has been added to project successfully. 
File "C:/Users/WS/Desktop/SoC/E203_SoC/E203_RTL/perips/sirv_pmu_core.v" has been added to project successfully. 
File "C:/Users/WS/Desktop/SoC/E203_SoC/E203_RTL/perips/sirv_qspi_arbiter.v" has been added to project successfully. 
File "C:/Users/WS/Desktop/SoC/E203_SoC/E203_RTL/perips/sirv_qspi_fifo.v" has been added to project successfully. 
File "C:/Users/WS/Desktop/SoC/E203_SoC/E203_RTL/perips/sirv_qspi_media.v" has been added to project successfully. 
File "C:/Users/WS/Desktop/SoC/E203_SoC/E203_RTL/perips/sirv_qspi_physical.v" has been added to project successfully. 
File "C:/Users/WS/Desktop/SoC/E203_SoC/E203_RTL/perips/sirv_queue.v" has been added to project successfully. 
File "C:/Users/WS/Desktop/SoC/E203_SoC/E203_RTL/perips/sirv_queue_1.v" has been added to project successfully. 
File "C:/Users/WS/Desktop/SoC/E203_SoC/E203_RTL/perips/sirv_repeater_6.v" has been added to project successfully. 
File "C:/Users/WS/Desktop/SoC/E203_SoC/E203_RTL/perips/sirv_ResetCatchAndSync.v" has been added to project successfully. 
File "C:/Users/WS/Desktop/SoC/E203_SoC/E203_RTL/perips/sirv_ResetCatchAndSync_2.v" has been added to project successfully. 
File "C:/Users/WS/Desktop/SoC/E203_SoC/E203_RTL/perips/sirv_rtc.v" has been added to project successfully. 
File "C:/Users/WS/Desktop/SoC/E203_SoC/E203_RTL/perips/sirv_spi_flashmap.v" has been added to project successfully. 
File "C:/Users/WS/Desktop/SoC/E203_SoC/E203_RTL/perips/sirv_tlfragmenter_qspi_1.v" has been added to project successfully. 
File "C:/Users/WS/Desktop/SoC/E203_SoC/E203_RTL/perips/sirv_tlwidthwidget_qspi.v" has been added to project successfully. 
File "C:/Users/WS/Desktop/SoC/E203_SoC/E203_RTL/perips/sirv_tl_repeater_5.v" has been added to project successfully. 
File "C:/Users/WS/Desktop/SoC/E203_SoC/E203_RTL/perips/sirv_wdog.v" has been added to project successfully. 
File "C:/Users/WS/Desktop/SoC/E203_SoC/E203_RTL/perips/apb_adv_timer/adv_timer_apb_if.v" has been added to project successfully. 
File "C:/Users/WS/Desktop/SoC/E203_SoC/E203_RTL/perips/apb_adv_timer/apb_adv_timer.v" has been added to project successfully. 
File "C:/Users/WS/Desktop/SoC/E203_SoC/E203_RTL/perips/apb_adv_timer/comparator.v" has been added to project successfully. 
File "C:/Users/WS/Desktop/SoC/E203_SoC/E203_RTL/perips/apb_adv_timer/input_stage.v" has been added to project successfully. 
File "C:/Users/WS/Desktop/SoC/E203_SoC/E203_RTL/perips/apb_adv_timer/prescaler.v" has been added to project successfully. 
File "C:/Users/WS/Desktop/SoC/E203_SoC/E203_RTL/perips/apb_adv_timer/timer_cntrl.v" has been added to project successfully. 
File "C:/Users/WS/Desktop/SoC/E203_SoC/E203_RTL/perips/apb_adv_timer/timer_module.v" has been added to project successfully. 
File "C:/Users/WS/Desktop/SoC/E203_SoC/E203_RTL/perips/apb_adv_timer/up_down_counter.v" has been added to project successfully. 
File "C:/Users/WS/Desktop/SoC/E203_SoC/E203_RTL/perips/apb_gpio/apb_gpio.v" has been added to project successfully. 
File "C:/Users/WS/Desktop/SoC/E203_SoC/E203_RTL/perips/apb_i2c/apb_i2c.v" has been added to project successfully. 
File "C:/Users/WS/Desktop/SoC/E203_SoC/E203_RTL/perips/apb_i2c/i2c_master_bit_ctrl.v" has been added to project successfully. 
File "C:/Users/WS/Desktop/SoC/E203_SoC/E203_RTL/perips/apb_i2c/i2c_master_byte_ctrl.v" has been added to project successfully. 
File "C:/Users/WS/Desktop/SoC/E203_SoC/E203_RTL/perips/apb_i2c/i2c_master_defines.v" has been added to project successfully. 
File "C:/Users/WS/Desktop/SoC/E203_SoC/E203_RTL/perips/apb_spi_master/apb_spi_master.v" has been added to project successfully. 
File "C:/Users/WS/Desktop/SoC/E203_SoC/E203_RTL/perips/apb_spi_master/spi_master_apb_if.v" has been added to project successfully. 
File "C:/Users/WS/Desktop/SoC/E203_SoC/E203_RTL/perips/apb_spi_master/spi_master_clkgen.v" has been added to project successfully. 
File "C:/Users/WS/Desktop/SoC/E203_SoC/E203_RTL/perips/apb_spi_master/spi_master_controller.v" has been added to project successfully. 
File "C:/Users/WS/Desktop/SoC/E203_SoC/E203_RTL/perips/apb_spi_master/spi_master_fifo.v" has been added to project successfully. 
File "C:/Users/WS/Desktop/SoC/E203_SoC/E203_RTL/perips/apb_spi_master/spi_master_rx.v" has been added to project successfully. 
File "C:/Users/WS/Desktop/SoC/E203_SoC/E203_RTL/perips/apb_spi_master/spi_master_tx.v" has been added to project successfully. 
File "C:/Users/WS/Desktop/SoC/E203_SoC/E203_RTL/perips/apb_uart/apb_uart.v" has been added to project successfully. 
File "C:/Users/WS/Desktop/SoC/E203_SoC/E203_RTL/perips/apb_uart/io_generic_fifo.v" has been added to project successfully. 
File "C:/Users/WS/Desktop/SoC/E203_SoC/E203_RTL/perips/apb_uart/uart_interrupt.v" has been added to project successfully. 
File "C:/Users/WS/Desktop/SoC/E203_SoC/E203_RTL/perips/apb_uart/uart_rx.v" has been added to project successfully. 
File "C:/Users/WS/Desktop/SoC/E203_SoC/E203_RTL/perips/apb_uart/uart_tx.v" has been added to project successfully. 
File "C:/Users/WS/Desktop/SoC/E203_SoC/E203_RTL/soc/e203_soc_top.v" has been added to project successfully. 
File "C:/Users/WS/Desktop/SoC/E203_SoC/E203_RTL/subsys/e203_subsys_clint.v" has been added to project successfully. 
File "C:/Users/WS/Desktop/SoC/E203_SoC/E203_RTL/subsys/e203_subsys_gfcm.v" has been added to project successfully. 
File "C:/Users/WS/Desktop/SoC/E203_SoC/E203_RTL/subsys/e203_subsys_hclkgen.v" has been added to project successfully. 
File "C:/Users/WS/Desktop/SoC/E203_SoC/E203_RTL/subsys/e203_subsys_hclkgen_rstsync.v" has been added to project successfully. 
File "C:/Users/WS/Desktop/SoC/E203_SoC/E203_RTL/subsys/e203_subsys_main.v" has been added to project successfully. 
File "C:/Users/WS/Desktop/SoC/E203_SoC/E203_RTL/subsys/e203_subsys_mems.v" has been added to project successfully. 
File "C:/Users/WS/Desktop/SoC/E203_SoC/E203_RTL/subsys/e203_subsys_nice_core.v" has been added to project successfully. 
File "C:/Users/WS/Desktop/SoC/E203_SoC/E203_RTL/subsys/e203_subsys_perips.v" has been added to project successfully. 
File "C:/Users/WS/Desktop/SoC/E203_SoC/E203_RTL/subsys/e203_subsys_plic.v" has been added to project successfully. 
File "C:/Users/WS/Desktop/SoC/E203_SoC/E203_RTL/subsys/e203_subsys_pll.v" has been added to project successfully. 
File "C:/Users/WS/Desktop/SoC/E203_SoC/E203_RTL/subsys/e203_subsys_pllclkdiv.v" has been added to project successfully. 
File "C:/Users/WS/Desktop/SoC/E203_SoC/E203_RTL/subsys/e203_subsys_top.v" has been added to project successfully. 
File "C:/Users/WS/Desktop/SoC/E203_SoC/E203_RTL/tb/tb_top.v" has been added to project successfully. 
File "C:/Users/WS/Desktop/SoC/E203_SoC/vivado/helloworld/helloworld.sim/sim_1/behav/xsim/glbl.v" has been added to project successfully. 
Parse module hierarchy of project 'C:/Users/WS/Desktop/SoC/E203_SoC/PDS/E203/temp_projects/Main_Flow/Main_Flow.pds' (ADS Parser)
Parse module hierarchy of project 'C:/Users/WS/Desktop/SoC/E203_SoC/PDS/E203/temp_projects/Main_Flow/Main_Flow.pds' (ADS Parser)
E: Verilog-4123: [C:/Users/WS/Desktop/SoC/E203_SoC/E203_RTL/tb/tb_top.v(line number: 22)] Could not resolve hierarchical name u_e203_subsys_top
E: Verilog-4123: [C:/Users/WS/Desktop/SoC/E203_SoC/E203_RTL/tb/tb_top.v(line number: 22)] Could not resolve hierarchical name u_e203_subsys_main
E: Verilog-4123: [C:/Users/WS/Desktop/SoC/E203_SoC/E203_RTL/tb/tb_top.v(line number: 22)] Could not resolve hierarchical name u_e203_cpu_top
E: Verilog-4123: [C:/Users/WS/Desktop/SoC/E203_SoC/E203_RTL/tb/tb_top.v(line number: 22)] Could not resolve hierarchical name u_e203_cpu
E: Verilog-4123: [C:/Users/WS/Desktop/SoC/E203_SoC/E203_RTL/tb/tb_top.v(line number: 22)] Could not resolve hierarchical name u_e203_core
E: Verilog-4123: [C:/Users/WS/Desktop/SoC/E203_SoC/E203_RTL/tb/tb_top.v(line number: 22)] Could not resolve hierarchical name u_e203_exu
E: Verilog-4123: [C:/Users/WS/Desktop/SoC/E203_SoC/E203_RTL/tb/tb_top.v(line number: 22)] Could not resolve hierarchical name u_e203_exu_regfile
E: Verilog-4039: [C:/Users/WS/Desktop/SoC/E203_SoC/E203_RTL/tb/tb_top.v(line number: 22)] Identifier u_e203_soc_top.u_e203_subsys_top.u_e203_subsys_main.u_e203_cpu_top.u_e203_cpu.u_e203_core.u_e203_exu.u_e203_exu_regfile.rf_r is not declared
E: Verilog-4123: [C:/Users/WS/Desktop/SoC/E203_SoC/E203_RTL/tb/tb_top.v(line number: 23)] Could not resolve hierarchical name u_e203_subsys_top
E: Verilog-4123: [C:/Users/WS/Desktop/SoC/E203_SoC/E203_RTL/tb/tb_top.v(line number: 23)] Could not resolve hierarchical name u_e203_subsys_main
E: Verilog-4123: [C:/Users/WS/Desktop/SoC/E203_SoC/E203_RTL/tb/tb_top.v(line number: 23)] Could not resolve hierarchical name u_e203_cpu_top
E: Verilog-4123: [C:/Users/WS/Desktop/SoC/E203_SoC/E203_RTL/tb/tb_top.v(line number: 23)] Could not resolve hierarchical name u_e203_cpu
E: Verilog-4123: [C:/Users/WS/Desktop/SoC/E203_SoC/E203_RTL/tb/tb_top.v(line number: 23)] Could not resolve hierarchical name u_e203_core
E: Verilog-4123: [C:/Users/WS/Desktop/SoC/E203_SoC/E203_RTL/tb/tb_top.v(line number: 23)] Could not resolve hierarchical name u_e203_exu
E: Verilog-4123: [C:/Users/WS/Desktop/SoC/E203_SoC/E203_RTL/tb/tb_top.v(line number: 23)] Could not resolve hierarchical name u_e203_exu_commit
E: Verilog-4123: [C:/Users/WS/Desktop/SoC/E203_SoC/E203_RTL/tb/tb_top.v(line number: 24)] Could not resolve hierarchical name u_e203_subsys_top
E: Verilog-4123: [C:/Users/WS/Desktop/SoC/E203_SoC/E203_RTL/tb/tb_top.v(line number: 24)] Could not resolve hierarchical name u_e203_subsys_main
E: Verilog-4123: [C:/Users/WS/Desktop/SoC/E203_SoC/E203_RTL/tb/tb_top.v(line number: 24)] Could not resolve hierarchical name u_e203_cpu_top
E: Verilog-4123: [C:/Users/WS/Desktop/SoC/E203_SoC/E203_RTL/tb/tb_top.v(line number: 24)] Could not resolve hierarchical name u_e203_cpu
E: Verilog-4123: [C:/Users/WS/Desktop/SoC/E203_SoC/E203_RTL/tb/tb_top.v(line number: 24)] Could not resolve hierarchical name u_e203_core
E: Verilog-4123: [C:/Users/WS/Desktop/SoC/E203_SoC/E203_RTL/tb/tb_top.v(line number: 24)] Could not resolve hierarchical name u_e203_exu
E: Verilog-4123: [C:/Users/WS/Desktop/SoC/E203_SoC/E203_RTL/tb/tb_top.v(line number: 24)] Could not resolve hierarchical name u_e203_exu_commit
E: Verilog-4123: [C:/Users/WS/Desktop/SoC/E203_SoC/E203_RTL/tb/tb_top.v(line number: 58)] Could not resolve hierarchical name u_e203_subsys_top
E: Verilog-4123: [C:/Users/WS/Desktop/SoC/E203_SoC/E203_RTL/tb/tb_top.v(line number: 58)] Could not resolve hierarchical name u_e203_subsys_main
E: Verilog-4123: [C:/Users/WS/Desktop/SoC/E203_SoC/E203_RTL/tb/tb_top.v(line number: 58)] Could not resolve hierarchical name u_e203_cpu_top
E: Verilog-4123: [C:/Users/WS/Desktop/SoC/E203_SoC/E203_RTL/tb/tb_top.v(line number: 58)] Could not resolve hierarchical name u_e203_cpu
E: Verilog-4123: [C:/Users/WS/Desktop/SoC/E203_SoC/E203_RTL/tb/tb_top.v(line number: 58)] Could not resolve hierarchical name u_e203_core
E: Verilog-4123: [C:/Users/WS/Desktop/SoC/E203_SoC/E203_RTL/tb/tb_top.v(line number: 58)] Could not resolve hierarchical name u_e203_exu
E: Verilog-4123: [C:/Users/WS/Desktop/SoC/E203_SoC/E203_RTL/tb/tb_top.v(line number: 59)] Could not resolve hierarchical name u_e203_subsys_top
E: Verilog-4123: [C:/Users/WS/Desktop/SoC/E203_SoC/E203_RTL/tb/tb_top.v(line number: 59)] Could not resolve hierarchical name u_e203_subsys_main
E: Verilog-4123: [C:/Users/WS/Desktop/SoC/E203_SoC/E203_RTL/tb/tb_top.v(line number: 59)] Could not resolve hierarchical name u_e203_cpu_top
E: Verilog-4123: [C:/Users/WS/Desktop/SoC/E203_SoC/E203_RTL/tb/tb_top.v(line number: 59)] Could not resolve hierarchical name u_e203_cpu
E: Verilog-4123: [C:/Users/WS/Desktop/SoC/E203_SoC/E203_RTL/tb/tb_top.v(line number: 59)] Could not resolve hierarchical name u_e203_core
E: Verilog-4123: [C:/Users/WS/Desktop/SoC/E203_SoC/E203_RTL/tb/tb_top.v(line number: 59)] Could not resolve hierarchical name u_e203_exu
E: Verilog-4123: [C:/Users/WS/Desktop/SoC/E203_SoC/E203_RTL/tb/tb_top.v(line number: 273)] Could not resolve hierarchical name u_e203_subsys_top
E: Verilog-4123: [C:/Users/WS/Desktop/SoC/E203_SoC/E203_RTL/tb/tb_top.v(line number: 273)] Could not resolve hierarchical name u_e203_subsys_main
E: Verilog-4123: [C:/Users/WS/Desktop/SoC/E203_SoC/E203_RTL/tb/tb_top.v(line number: 273)] Could not resolve hierarchical name u_e203_cpu_top
E: Verilog-4123: [C:/Users/WS/Desktop/SoC/E203_SoC/E203_RTL/tb/tb_top.v(line number: 273)] Could not resolve hierarchical name u_e203_srams
E: Verilog-4123: [C:/Users/WS/Desktop/SoC/E203_SoC/E203_RTL/tb/tb_top.v(line number: 273)] Could not resolve hierarchical name u_e203_itcm_ram
E: Verilog-4123: [C:/Users/WS/Desktop/SoC/E203_SoC/E203_RTL/tb/tb_top.v(line number: 273)] Could not resolve hierarchical name u_e203_itcm_gnrl_ram
E: Verilog-4123: [C:/Users/WS/Desktop/SoC/E203_SoC/E203_RTL/tb/tb_top.v(line number: 273)] Could not resolve hierarchical name u_sirv_sim_ram
E: Verilog-4039: [C:/Users/WS/Desktop/SoC/E203_SoC/E203_RTL/tb/tb_top.v(line number: 273)] Identifier mem_r is not declared
E: Verilog-4123: [C:/Users/WS/Desktop/SoC/E203_SoC/E203_RTL/tb/tb_top.v(line number: 274)] Could not resolve hierarchical name u_e203_subsys_top
E: Verilog-4123: [C:/Users/WS/Desktop/SoC/E203_SoC/E203_RTL/tb/tb_top.v(line number: 274)] Could not resolve hierarchical name u_e203_subsys_main
E: Verilog-4123: [C:/Users/WS/Desktop/SoC/E203_SoC/E203_RTL/tb/tb_top.v(line number: 274)] Could not resolve hierarchical name u_e203_cpu_top
E: Verilog-4123: [C:/Users/WS/Desktop/SoC/E203_SoC/E203_RTL/tb/tb_top.v(line number: 274)] Could not resolve hierarchical name u_e203_srams
E: Verilog-4123: [C:/Users/WS/Desktop/SoC/E203_SoC/E203_RTL/tb/tb_top.v(line number: 274)] Could not resolve hierarchical name u_e203_itcm_ram
E: Verilog-4123: [C:/Users/WS/Desktop/SoC/E203_SoC/E203_RTL/tb/tb_top.v(line number: 274)] Could not resolve hierarchical name u_e203_itcm_gnrl_ram
E: Verilog-4123: [C:/Users/WS/Desktop/SoC/E203_SoC/E203_RTL/tb/tb_top.v(line number: 274)] Could not resolve hierarchical name u_sirv_sim_ram
E: Verilog-4039: [C:/Users/WS/Desktop/SoC/E203_SoC/E203_RTL/tb/tb_top.v(line number: 274)] Identifier mem_r is not declared
E: Verilog-4123: [C:/Users/WS/Desktop/SoC/E203_SoC/E203_RTL/tb/tb_top.v(line number: 275)] Could not resolve hierarchical name u_e203_subsys_top
E: Verilog-4123: [C:/Users/WS/Desktop/SoC/E203_SoC/E203_RTL/tb/tb_top.v(line number: 275)] Could not resolve hierarchical name u_e203_subsys_main
E: Verilog-4123: [C:/Users/WS/Desktop/SoC/E203_SoC/E203_RTL/tb/tb_top.v(line number: 275)] Could not resolve hierarchical name u_e203_cpu_top
E: Verilog-4123: [C:/Users/WS/Desktop/SoC/E203_SoC/E203_RTL/tb/tb_top.v(line number: 275)] Could not resolve hierarchical name u_e203_srams
E: Verilog-4123: [C:/Users/WS/Desktop/SoC/E203_SoC/E203_RTL/tb/tb_top.v(line number: 275)] Could not resolve hierarchical name u_e203_itcm_ram
E: Verilog-4123: [C:/Users/WS/Desktop/SoC/E203_SoC/E203_RTL/tb/tb_top.v(line number: 275)] Could not resolve hierarchical name u_e203_itcm_gnrl_ram
E: Verilog-4123: [C:/Users/WS/Desktop/SoC/E203_SoC/E203_RTL/tb/tb_top.v(line number: 275)] Could not resolve hierarchical name u_sirv_sim_ram
E: Verilog-4039: [C:/Users/WS/Desktop/SoC/E203_SoC/E203_RTL/tb/tb_top.v(line number: 275)] Identifier mem_r is not declared
E: Verilog-4123: [C:/Users/WS/Desktop/SoC/E203_SoC/E203_RTL/tb/tb_top.v(line number: 276)] Could not resolve hierarchical name u_e203_subsys_top
E: Verilog-4123: [C:/Users/WS/Desktop/SoC/E203_SoC/E203_RTL/tb/tb_top.v(line number: 276)] Could not resolve hierarchical name u_e203_subsys_main
E: Verilog-4123: [C:/Users/WS/Desktop/SoC/E203_SoC/E203_RTL/tb/tb_top.v(line number: 276)] Could not resolve hierarchical name u_e203_cpu_top
E: Verilog-4123: [C:/Users/WS/Desktop/SoC/E203_SoC/E203_RTL/tb/tb_top.v(line number: 276)] Could not resolve hierarchical name u_e203_srams
E: Verilog-4123: [C:/Users/WS/Desktop/SoC/E203_SoC/E203_RTL/tb/tb_top.v(line number: 276)] Could not resolve hierarchical name u_e203_itcm_ram
E: Verilog-4123: [C:/Users/WS/Desktop/SoC/E203_SoC/E203_RTL/tb/tb_top.v(line number: 276)] Could not resolve hierarchical name u_e203_itcm_gnrl_ram
E: Verilog-4123: [C:/Users/WS/Desktop/SoC/E203_SoC/E203_RTL/tb/tb_top.v(line number: 276)] Could not resolve hierarchical name u_sirv_sim_ram
E: Verilog-4039: [C:/Users/WS/Desktop/SoC/E203_SoC/E203_RTL/tb/tb_top.v(line number: 276)] Identifier mem_r is not declared
E: Verilog-4123: [C:/Users/WS/Desktop/SoC/E203_SoC/E203_RTL/tb/tb_top.v(line number: 277)] Could not resolve hierarchical name u_e203_subsys_top
E: Verilog-4123: [C:/Users/WS/Desktop/SoC/E203_SoC/E203_RTL/tb/tb_top.v(line number: 277)] Could not resolve hierarchical name u_e203_subsys_main
E: Verilog-4123: [C:/Users/WS/Desktop/SoC/E203_SoC/E203_RTL/tb/tb_top.v(line number: 277)] Could not resolve hierarchical name u_e203_cpu_top
E: Verilog-4123: [C:/Users/WS/Desktop/SoC/E203_SoC/E203_RTL/tb/tb_top.v(line number: 277)] Could not resolve hierarchical name u_e203_srams
E: Verilog-4123: [C:/Users/WS/Desktop/SoC/E203_SoC/E203_RTL/tb/tb_top.v(line number: 277)] Could not resolve hierarchical name u_e203_itcm_ram
E: Verilog-4123: [C:/Users/WS/Desktop/SoC/E203_SoC/E203_RTL/tb/tb_top.v(line number: 277)] Could not resolve hierarchical name u_e203_itcm_gnrl_ram
E: Verilog-4123: [C:/Users/WS/Desktop/SoC/E203_SoC/E203_RTL/tb/tb_top.v(line number: 277)] Could not resolve hierarchical name u_sirv_sim_ram
E: Verilog-4039: [C:/Users/WS/Desktop/SoC/E203_SoC/E203_RTL/tb/tb_top.v(line number: 277)] Identifier mem_r is not declared
E: Verilog-4123: [C:/Users/WS/Desktop/SoC/E203_SoC/E203_RTL/tb/tb_top.v(line number: 278)] Could not resolve hierarchical name u_e203_subsys_top
E: Verilog-4123: [C:/Users/WS/Desktop/SoC/E203_SoC/E203_RTL/tb/tb_top.v(line number: 278)] Could not resolve hierarchical name u_e203_subsys_main
E: Verilog-4123: [C:/Users/WS/Desktop/SoC/E203_SoC/E203_RTL/tb/tb_top.v(line number: 278)] Could not resolve hierarchical name u_e203_cpu_top
E: Verilog-4123: [C:/Users/WS/Desktop/SoC/E203_SoC/E203_RTL/tb/tb_top.v(line number: 278)] Could not resolve hierarchical name u_e203_srams
E: Verilog-4123: [C:/Users/WS/Desktop/SoC/E203_SoC/E203_RTL/tb/tb_top.v(line number: 278)] Could not resolve hierarchical name u_e203_itcm_ram
E: Verilog-4123: [C:/Users/WS/Desktop/SoC/E203_SoC/E203_RTL/tb/tb_top.v(line number: 278)] Could not resolve hierarchical name u_e203_itcm_gnrl_ram
E: Verilog-4123: [C:/Users/WS/Desktop/SoC/E203_SoC/E203_RTL/tb/tb_top.v(line number: 278)] Could not resolve hierarchical name u_sirv_sim_ram
E: Verilog-4039: [C:/Users/WS/Desktop/SoC/E203_SoC/E203_RTL/tb/tb_top.v(line number: 278)] Identifier mem_r is not declared
E: Verilog-4123: [C:/Users/WS/Desktop/SoC/E203_SoC/E203_RTL/tb/tb_top.v(line number: 279)] Could not resolve hierarchical name u_e203_subsys_top
E: Verilog-4123: [C:/Users/WS/Desktop/SoC/E203_SoC/E203_RTL/tb/tb_top.v(line number: 279)] Could not resolve hierarchical name u_e203_subsys_main
E: Verilog-4123: [C:/Users/WS/Desktop/SoC/E203_SoC/E203_RTL/tb/tb_top.v(line number: 279)] Could not resolve hierarchical name u_e203_cpu_top
E: Verilog-4123: [C:/Users/WS/Desktop/SoC/E203_SoC/E203_RTL/tb/tb_top.v(line number: 279)] Could not resolve hierarchical name u_e203_srams
E: Verilog-4123: [C:/Users/WS/Desktop/SoC/E203_SoC/E203_RTL/tb/tb_top.v(line number: 279)] Could not resolve hierarchical name u_e203_itcm_ram
E: Verilog-4123: [C:/Users/WS/Desktop/SoC/E203_SoC/E203_RTL/tb/tb_top.v(line number: 279)] Could not resolve hierarchical name u_e203_itcm_gnrl_ram
E: Verilog-4123: [C:/Users/WS/Desktop/SoC/E203_SoC/E203_RTL/tb/tb_top.v(line number: 279)] Could not resolve hierarchical name u_sirv_sim_ram
E: Verilog-4039: [C:/Users/WS/Desktop/SoC/E203_SoC/E203_RTL/tb/tb_top.v(line number: 279)] Identifier mem_r is not declared
E: Verilog-4123: [C:/Users/WS/Desktop/SoC/E203_SoC/E203_RTL/tb/tb_top.v(line number: 280)] Could not resolve hierarchical name u_e203_subsys_top
E: Verilog-4123: [C:/Users/WS/Desktop/SoC/E203_SoC/E203_RTL/tb/tb_top.v(line number: 280)] Could not resolve hierarchical name u_e203_subsys_main
E: Verilog-4123: [C:/Users/WS/Desktop/SoC/E203_SoC/E203_RTL/tb/tb_top.v(line number: 280)] Could not resolve hierarchical name u_e203_cpu_top
E: Verilog-4123: [C:/Users/WS/Desktop/SoC/E203_SoC/E203_RTL/tb/tb_top.v(line number: 280)] Could not resolve hierarchical name u_e203_srams
E: Verilog-4123: [C:/Users/WS/Desktop/SoC/E203_SoC/E203_RTL/tb/tb_top.v(line number: 280)] Could not resolve hierarchical name u_e203_itcm_ram
E: Verilog-4123: [C:/Users/WS/Desktop/SoC/E203_SoC/E203_RTL/tb/tb_top.v(line number: 280)] Could not resolve hierarchical name u_e203_itcm_gnrl_ram
E: Verilog-4123: [C:/Users/WS/Desktop/SoC/E203_SoC/E203_RTL/tb/tb_top.v(line number: 280)] Could not resolve hierarchical name u_sirv_sim_ram
E: Verilog-4039: [C:/Users/WS/Desktop/SoC/E203_SoC/E203_RTL/tb/tb_top.v(line number: 280)] Identifier mem_r is not declared
E: Parsing ERROR.
File "C:/Users/WS/Desktop/SoC/E203_SoC/E203_RTL/system.v" has been removed from project successfully. 
File "C:/Users/WS/Desktop/SoC/E203_SoC/E203_RTL/core/config.v" has been removed from project successfully. 
File "C:/Users/WS/Desktop/SoC/E203_SoC/E203_RTL/core/e203_biu.v" has been removed from project successfully. 
File "C:/Users/WS/Desktop/SoC/E203_SoC/E203_RTL/core/e203_clkgate.v" has been removed from project successfully. 
File "C:/Users/WS/Desktop/SoC/E203_SoC/E203_RTL/core/e203_clk_ctrl.v" has been removed from project successfully. 
File "C:/Users/WS/Desktop/SoC/E203_SoC/E203_RTL/core/e203_core.v" has been removed from project successfully. 
File "C:/Users/WS/Desktop/SoC/E203_SoC/E203_RTL/core/e203_cpu.v" has been removed from project successfully. 
File "C:/Users/WS/Desktop/SoC/E203_SoC/E203_RTL/core/e203_cpu_top.v" has been removed from project successfully. 
File "C:/Users/WS/Desktop/SoC/E203_SoC/E203_RTL/core/e203_defines.v" has been removed from project successfully. 
File "C:/Users/WS/Desktop/SoC/E203_SoC/E203_RTL/core/e203_dtcm_ctrl.v" has been removed from project successfully. 
File "C:/Users/WS/Desktop/SoC/E203_SoC/E203_RTL/core/e203_dtcm_ram.v" has been removed from project successfully. 
File "C:/Users/WS/Desktop/SoC/E203_SoC/E203_RTL/core/e203_extend_csr.v" has been removed from project successfully. 
File "C:/Users/WS/Desktop/SoC/E203_SoC/E203_RTL/core/e203_exu.v" has been removed from project successfully. 
File "C:/Users/WS/Desktop/SoC/E203_SoC/E203_RTL/core/e203_exu_alu.v" has been removed from project successfully. 
File "C:/Users/WS/Desktop/SoC/E203_SoC/E203_RTL/core/e203_exu_alu_bjp.v" has been removed from project successfully. 
File "C:/Users/WS/Desktop/SoC/E203_SoC/E203_RTL/core/e203_exu_alu_csrctrl.v" has been removed from project successfully. 
File "C:/Users/WS/Desktop/SoC/E203_SoC/E203_RTL/core/e203_exu_alu_dpath.v" has been removed from project successfully. 
File "C:/Users/WS/Desktop/SoC/E203_SoC/E203_RTL/core/e203_exu_alu_lsuagu.v" has been removed from project successfully. 
File "C:/Users/WS/Desktop/SoC/E203_SoC/E203_RTL/core/e203_exu_alu_muldiv.v" has been removed from project successfully. 
File "C:/Users/WS/Desktop/SoC/E203_SoC/E203_RTL/core/e203_exu_alu_rglr.v" has been removed from project successfully. 
File "C:/Users/WS/Desktop/SoC/E203_SoC/E203_RTL/core/e203_exu_branchslv.v" has been removed from project successfully. 
File "C:/Users/WS/Desktop/SoC/E203_SoC/E203_RTL/core/e203_exu_commit.v" has been removed from project successfully. 
File "C:/Users/WS/Desktop/SoC/E203_SoC/E203_RTL/core/e203_exu_csr.v" has been removed from project successfully. 
File "C:/Users/WS/Desktop/SoC/E203_SoC/E203_RTL/core/e203_exu_decode.v" has been removed from project successfully. 
File "C:/Users/WS/Desktop/SoC/E203_SoC/E203_RTL/core/e203_exu_disp.v" has been removed from project successfully. 
File "C:/Users/WS/Desktop/SoC/E203_SoC/E203_RTL/core/e203_exu_excp.v" has been removed from project successfully. 
File "C:/Users/WS/Desktop/SoC/E203_SoC/E203_RTL/core/e203_exu_longpwbck.v" has been removed from project successfully. 
File "C:/Users/WS/Desktop/SoC/E203_SoC/E203_RTL/core/e203_exu_nice.v" has been removed from project successfully. 
File "C:/Users/WS/Desktop/SoC/E203_SoC/E203_RTL/core/e203_exu_oitf.v" has been removed from project successfully. 
File "C:/Users/WS/Desktop/SoC/E203_SoC/E203_RTL/core/e203_exu_regfile.v" has been removed from project successfully. 
File "C:/Users/WS/Desktop/SoC/E203_SoC/E203_RTL/core/e203_exu_wbck.v" has been removed from project successfully. 
File "C:/Users/WS/Desktop/SoC/E203_SoC/E203_RTL/core/e203_ifu.v" has been removed from project successfully. 
File "C:/Users/WS/Desktop/SoC/E203_SoC/E203_RTL/core/e203_ifu_ifetch.v" has been removed from project successfully. 
File "C:/Users/WS/Desktop/SoC/E203_SoC/E203_RTL/core/e203_ifu_ift2icb.v" has been removed from project successfully. 
File "C:/Users/WS/Desktop/SoC/E203_SoC/E203_RTL/core/e203_ifu_litebpu.v" has been removed from project successfully. 
File "C:/Users/WS/Desktop/SoC/E203_SoC/E203_RTL/core/e203_ifu_minidec.v" has been removed from project successfully. 
File "C:/Users/WS/Desktop/SoC/E203_SoC/E203_RTL/core/e203_irq_sync.v" has been removed from project successfully. 
File "C:/Users/WS/Desktop/SoC/E203_SoC/E203_RTL/core/e203_itcm_ctrl.v" has been removed from project successfully. 
File "C:/Users/WS/Desktop/SoC/E203_SoC/E203_RTL/core/e203_itcm_ram.v" has been removed from project successfully. 
File "C:/Users/WS/Desktop/SoC/E203_SoC/E203_RTL/core/e203_lsu.v" has been removed from project successfully. 
File "C:/Users/WS/Desktop/SoC/E203_SoC/E203_RTL/core/e203_lsu_ctrl.v" has been removed from project successfully. 
File "C:/Users/WS/Desktop/SoC/E203_SoC/E203_RTL/core/e203_reset_ctrl.v" has been removed from project successfully. 
File "C:/Users/WS/Desktop/SoC/E203_SoC/E203_RTL/core/e203_srams.v" has been removed from project successfully. 
File "C:/Users/WS/Desktop/SoC/E203_SoC/E203_RTL/debug/sirv_debug_csr.v" has been removed from project successfully. 
File "C:/Users/WS/Desktop/SoC/E203_SoC/E203_RTL/debug/sirv_debug_module.v" has been removed from project successfully. 
File "C:/Users/WS/Desktop/SoC/E203_SoC/E203_RTL/debug/sirv_debug_ram.v" has been removed from project successfully. 
File "C:/Users/WS/Desktop/SoC/E203_SoC/E203_RTL/debug/sirv_debug_rom.v" has been removed from project successfully. 
File "C:/Users/WS/Desktop/SoC/E203_SoC/E203_RTL/debug/sirv_jtag_dtm.v" has been removed from project successfully. 
File "C:/Users/WS/Desktop/SoC/E203_SoC/E203_RTL/fab/sirv_icb1to16_bus.v" has been removed from project successfully. 
File "C:/Users/WS/Desktop/SoC/E203_SoC/E203_RTL/fab/sirv_icb1to2_bus.v" has been removed from project successfully. 
File "C:/Users/WS/Desktop/SoC/E203_SoC/E203_RTL/fab/sirv_icb1to8_bus.v" has been removed from project successfully. 
File "C:/Users/WS/Desktop/SoC/E203_SoC/E203_RTL/general/sirv_1cyc_sram_ctrl.v" has been removed from project successfully. 
File "C:/Users/WS/Desktop/SoC/E203_SoC/E203_RTL/general/sirv_gnrl_bufs.v" has been removed from project successfully. 
File "C:/Users/WS/Desktop/SoC/E203_SoC/E203_RTL/general/sirv_gnrl_dffs.v" has been removed from project successfully. 
File "C:/Users/WS/Desktop/SoC/E203_SoC/E203_RTL/general/sirv_gnrl_icbs.v" has been removed from project successfully. 
File "C:/Users/WS/Desktop/SoC/E203_SoC/E203_RTL/general/sirv_gnrl_ram.v" has been removed from project successfully. 
File "C:/Users/WS/Desktop/SoC/E203_SoC/E203_RTL/general/sirv_gnrl_xchecker.v" has been removed from project successfully. 
File "C:/Users/WS/Desktop/SoC/E203_SoC/E203_RTL/general/sirv_sim_ram.v" has been removed from project successfully. 
File "C:/Users/WS/Desktop/SoC/E203_SoC/E203_RTL/general/sirv_sram_icb_ctrl.v" has been removed from project successfully. 
File "C:/Users/WS/Desktop/SoC/E203_SoC/E203_RTL/mems/sirv_mrom.v" has been removed from project successfully. 
File "C:/Users/WS/Desktop/SoC/E203_SoC/E203_RTL/mems/sirv_mrom_top.v" has been removed from project successfully. 
File "C:/Users/WS/Desktop/SoC/E203_SoC/E203_RTL/perips/sirv_aon.v" has been removed from project successfully. 
File "C:/Users/WS/Desktop/SoC/E203_SoC/E203_RTL/perips/sirv_aon_lclkgen_regs.v" has been removed from project successfully. 
File "C:/Users/WS/Desktop/SoC/E203_SoC/E203_RTL/perips/sirv_aon_porrst.v" has been removed from project successfully. 
File "C:/Users/WS/Desktop/SoC/E203_SoC/E203_RTL/perips/sirv_aon_top.v" has been removed from project successfully. 
File "C:/Users/WS/Desktop/SoC/E203_SoC/E203_RTL/perips/sirv_aon_wrapper.v" has been removed from project successfully. 
File "C:/Users/WS/Desktop/SoC/E203_SoC/E203_RTL/perips/sirv_AsyncResetReg.v" has been removed from project successfully. 
File "C:/Users/WS/Desktop/SoC/E203_SoC/E203_RTL/perips/sirv_AsyncResetRegVec.v" has been removed from project successfully. 
File "C:/Users/WS/Desktop/SoC/E203_SoC/E203_RTL/perips/sirv_AsyncResetRegVec_1.v" has been removed from project successfully. 
File "C:/Users/WS/Desktop/SoC/E203_SoC/E203_RTL/perips/sirv_AsyncResetRegVec_129.v" has been removed from project successfully. 
File "C:/Users/WS/Desktop/SoC/E203_SoC/E203_RTL/perips/sirv_AsyncResetRegVec_36.v" has been removed from project successfully. 
File "C:/Users/WS/Desktop/SoC/E203_SoC/E203_RTL/perips/sirv_clint.v" has been removed from project successfully. 
File "C:/Users/WS/Desktop/SoC/E203_SoC/E203_RTL/perips/sirv_clint_top.v" has been removed from project successfully. 
File "C:/Users/WS/Desktop/SoC/E203_SoC/E203_RTL/perips/sirv_DeglitchShiftRegister.v" has been removed from project successfully. 
File "C:/Users/WS/Desktop/SoC/E203_SoC/E203_RTL/perips/sirv_expl_axi_slv.v" has been removed from project successfully. 
File "C:/Users/WS/Desktop/SoC/E203_SoC/E203_RTL/perips/sirv_flash_qspi.v" has been removed from project successfully. 
File "C:/Users/WS/Desktop/SoC/E203_SoC/E203_RTL/perips/sirv_flash_qspi_top.v" has been removed from project successfully. 
File "C:/Users/WS/Desktop/SoC/E203_SoC/E203_RTL/perips/sirv_hclkgen_regs.v" has been removed from project successfully. 
File "C:/Users/WS/Desktop/SoC/E203_SoC/E203_RTL/perips/sirv_jtaggpioport.v" has been removed from project successfully. 
File "C:/Users/WS/Desktop/SoC/E203_SoC/E203_RTL/perips/sirv_LevelGateway.v" has been removed from project successfully. 
File "C:/Users/WS/Desktop/SoC/E203_SoC/E203_RTL/perips/sirv_plic_man.v" has been removed from project successfully. 
File "C:/Users/WS/Desktop/SoC/E203_SoC/E203_RTL/perips/sirv_plic_top.v" has been removed from project successfully. 
File "C:/Users/WS/Desktop/SoC/E203_SoC/E203_RTL/perips/sirv_pmu.v" has been removed from project successfully. 
File "C:/Users/WS/Desktop/SoC/E203_SoC/E203_RTL/perips/sirv_pmu_core.v" has been removed from project successfully. 
File "C:/Users/WS/Desktop/SoC/E203_SoC/E203_RTL/perips/sirv_qspi_arbiter.v" has been removed from project successfully. 
File "C:/Users/WS/Desktop/SoC/E203_SoC/E203_RTL/perips/sirv_qspi_fifo.v" has been removed from project successfully. 
File "C:/Users/WS/Desktop/SoC/E203_SoC/E203_RTL/perips/sirv_qspi_media.v" has been removed from project successfully. 
File "C:/Users/WS/Desktop/SoC/E203_SoC/E203_RTL/perips/sirv_qspi_physical.v" has been removed from project successfully. 
File "C:/Users/WS/Desktop/SoC/E203_SoC/E203_RTL/perips/sirv_queue.v" has been removed from project successfully. 
File "C:/Users/WS/Desktop/SoC/E203_SoC/E203_RTL/perips/sirv_queue_1.v" has been removed from project successfully. 
File "C:/Users/WS/Desktop/SoC/E203_SoC/E203_RTL/perips/sirv_repeater_6.v" has been removed from project successfully. 
File "C:/Users/WS/Desktop/SoC/E203_SoC/E203_RTL/perips/sirv_ResetCatchAndSync.v" has been removed from project successfully. 
File "C:/Users/WS/Desktop/SoC/E203_SoC/E203_RTL/perips/sirv_ResetCatchAndSync_2.v" has been removed from project successfully. 
File "C:/Users/WS/Desktop/SoC/E203_SoC/E203_RTL/perips/sirv_rtc.v" has been removed from project successfully. 
File "C:/Users/WS/Desktop/SoC/E203_SoC/E203_RTL/perips/sirv_spi_flashmap.v" has been removed from project successfully. 
File "C:/Users/WS/Desktop/SoC/E203_SoC/E203_RTL/perips/sirv_tlfragmenter_qspi_1.v" has been removed from project successfully. 
File "C:/Users/WS/Desktop/SoC/E203_SoC/E203_RTL/perips/sirv_tlwidthwidget_qspi.v" has been removed from project successfully. 
File "C:/Users/WS/Desktop/SoC/E203_SoC/E203_RTL/perips/sirv_tl_repeater_5.v" has been removed from project successfully. 
File "C:/Users/WS/Desktop/SoC/E203_SoC/E203_RTL/perips/sirv_wdog.v" has been removed from project successfully. 
File "C:/Users/WS/Desktop/SoC/E203_SoC/E203_RTL/perips/apb_adv_timer/adv_timer_apb_if.v" has been removed from project successfully. 
File "C:/Users/WS/Desktop/SoC/E203_SoC/E203_RTL/perips/apb_adv_timer/apb_adv_timer.v" has been removed from project successfully. 
File "C:/Users/WS/Desktop/SoC/E203_SoC/E203_RTL/perips/apb_adv_timer/comparator.v" has been removed from project successfully. 
File "C:/Users/WS/Desktop/SoC/E203_SoC/E203_RTL/perips/apb_adv_timer/input_stage.v" has been removed from project successfully. 
File "C:/Users/WS/Desktop/SoC/E203_SoC/E203_RTL/perips/apb_adv_timer/prescaler.v" has been removed from project successfully. 
File "C:/Users/WS/Desktop/SoC/E203_SoC/E203_RTL/perips/apb_adv_timer/timer_cntrl.v" has been removed from project successfully. 
File "C:/Users/WS/Desktop/SoC/E203_SoC/E203_RTL/perips/apb_adv_timer/timer_module.v" has been removed from project successfully. 
File "C:/Users/WS/Desktop/SoC/E203_SoC/E203_RTL/perips/apb_adv_timer/up_down_counter.v" has been removed from project successfully. 
File "C:/Users/WS/Desktop/SoC/E203_SoC/E203_RTL/perips/apb_gpio/apb_gpio.v" has been removed from project successfully. 
File "C:/Users/WS/Desktop/SoC/E203_SoC/E203_RTL/perips/apb_i2c/apb_i2c.v" has been removed from project successfully. 
File "C:/Users/WS/Desktop/SoC/E203_SoC/E203_RTL/perips/apb_i2c/i2c_master_bit_ctrl.v" has been removed from project successfully. 
File "C:/Users/WS/Desktop/SoC/E203_SoC/E203_RTL/perips/apb_i2c/i2c_master_byte_ctrl.v" has been removed from project successfully. 
File "C:/Users/WS/Desktop/SoC/E203_SoC/E203_RTL/perips/apb_i2c/i2c_master_defines.v" has been removed from project successfully. 
File "C:/Users/WS/Desktop/SoC/E203_SoC/E203_RTL/perips/apb_spi_master/apb_spi_master.v" has been removed from project successfully. 
File "C:/Users/WS/Desktop/SoC/E203_SoC/E203_RTL/perips/apb_spi_master/spi_master_apb_if.v" has been removed from project successfully. 
File "C:/Users/WS/Desktop/SoC/E203_SoC/E203_RTL/perips/apb_spi_master/spi_master_clkgen.v" has been removed from project successfully. 
File "C:/Users/WS/Desktop/SoC/E203_SoC/E203_RTL/perips/apb_spi_master/spi_master_controller.v" has been removed from project successfully. 
File "C:/Users/WS/Desktop/SoC/E203_SoC/E203_RTL/perips/apb_spi_master/spi_master_fifo.v" has been removed from project successfully. 
File "C:/Users/WS/Desktop/SoC/E203_SoC/E203_RTL/perips/apb_spi_master/spi_master_rx.v" has been removed from project successfully. 
File "C:/Users/WS/Desktop/SoC/E203_SoC/E203_RTL/perips/apb_spi_master/spi_master_tx.v" has been removed from project successfully. 
File "C:/Users/WS/Desktop/SoC/E203_SoC/E203_RTL/perips/apb_uart/apb_uart.v" has been removed from project successfully. 
File "C:/Users/WS/Desktop/SoC/E203_SoC/E203_RTL/perips/apb_uart/io_generic_fifo.v" has been removed from project successfully. 
File "C:/Users/WS/Desktop/SoC/E203_SoC/E203_RTL/perips/apb_uart/uart_interrupt.v" has been removed from project successfully. 
File "C:/Users/WS/Desktop/SoC/E203_SoC/E203_RTL/perips/apb_uart/uart_rx.v" has been removed from project successfully. 
File "C:/Users/WS/Desktop/SoC/E203_SoC/E203_RTL/perips/apb_uart/uart_tx.v" has been removed from project successfully. 
File "C:/Users/WS/Desktop/SoC/E203_SoC/E203_RTL/soc/e203_soc_top.v" has been removed from project successfully. 
File "C:/Users/WS/Desktop/SoC/E203_SoC/E203_RTL/subsys/e203_subsys_clint.v" has been removed from project successfully. 
File "C:/Users/WS/Desktop/SoC/E203_SoC/E203_RTL/subsys/e203_subsys_gfcm.v" has been removed from project successfully. 
File "C:/Users/WS/Desktop/SoC/E203_SoC/E203_RTL/subsys/e203_subsys_hclkgen.v" has been removed from project successfully. 
File "C:/Users/WS/Desktop/SoC/E203_SoC/E203_RTL/subsys/e203_subsys_hclkgen_rstsync.v" has been removed from project successfully. 
File "C:/Users/WS/Desktop/SoC/E203_SoC/E203_RTL/subsys/e203_subsys_main.v" has been removed from project successfully. 
File "C:/Users/WS/Desktop/SoC/E203_SoC/E203_RTL/subsys/e203_subsys_mems.v" has been removed from project successfully. 
File "C:/Users/WS/Desktop/SoC/E203_SoC/E203_RTL/subsys/e203_subsys_nice_core.v" has been removed from project successfully. 
File "C:/Users/WS/Desktop/SoC/E203_SoC/E203_RTL/subsys/e203_subsys_perips.v" has been removed from project successfully. 
File "C:/Users/WS/Desktop/SoC/E203_SoC/E203_RTL/subsys/e203_subsys_plic.v" has been removed from project successfully. 
File "C:/Users/WS/Desktop/SoC/E203_SoC/E203_RTL/subsys/e203_subsys_pll.v" has been removed from project successfully. 
File "C:/Users/WS/Desktop/SoC/E203_SoC/E203_RTL/subsys/e203_subsys_pllclkdiv.v" has been removed from project successfully. 
File "C:/Users/WS/Desktop/SoC/E203_SoC/E203_RTL/subsys/e203_subsys_top.v" has been removed from project successfully. 
File "C:/Users/WS/Desktop/SoC/E203_SoC/E203_RTL/tb/tb_top.v" has been removed from project successfully. 
File "C:/Users/WS/Desktop/SoC/E203_SoC/vivado/helloworld/helloworld.sim/sim_1/behav/xsim/glbl.v" has been removed from project successfully. 
Parse module hierarchy of project 'C:/Users/WS/Desktop/SoC/E203_SoC/PDS/E203/temp_projects/Main_Flow/Main_Flow.pds' (TEXT Parser)
File "C:/Users/WS/Desktop/SoC/E203_SoC/E203_RTL/core/e203_biu.v" has been added to project successfully. 
File "C:/Users/WS/Desktop/SoC/E203_SoC/E203_RTL/core/e203_clk_ctrl.v" has been added to project successfully. 
File "C:/Users/WS/Desktop/SoC/E203_SoC/E203_RTL/core/e203_clkgate.v" has been added to project successfully. 
File "C:/Users/WS/Desktop/SoC/E203_SoC/E203_RTL/core/e203_core.v" has been added to project successfully. 
File "C:/Users/WS/Desktop/SoC/E203_SoC/E203_RTL/core/e203_cpu.v" has been added to project successfully. 
File "C:/Users/WS/Desktop/SoC/E203_SoC/E203_RTL/core/e203_cpu_top.v" has been added to project successfully. 
File "C:/Users/WS/Desktop/SoC/E203_SoC/E203_RTL/core/e203_dtcm_ctrl.v" has been added to project successfully. 
File "C:/Users/WS/Desktop/SoC/E203_SoC/E203_RTL/core/e203_dtcm_ram.v" has been added to project successfully. 
File "C:/Users/WS/Desktop/SoC/E203_SoC/E203_RTL/core/e203_extend_csr.v" has been added to project successfully. 
File "C:/Users/WS/Desktop/SoC/E203_SoC/E203_RTL/core/e203_exu.v" has been added to project successfully. 
File "C:/Users/WS/Desktop/SoC/E203_SoC/E203_RTL/core/e203_exu_alu.v" has been added to project successfully. 
File "C:/Users/WS/Desktop/SoC/E203_SoC/E203_RTL/core/e203_exu_alu_bjp.v" has been added to project successfully. 
File "C:/Users/WS/Desktop/SoC/E203_SoC/E203_RTL/core/e203_exu_alu_csrctrl.v" has been added to project successfully. 
File "C:/Users/WS/Desktop/SoC/E203_SoC/E203_RTL/core/e203_exu_alu_dpath.v" has been added to project successfully. 
File "C:/Users/WS/Desktop/SoC/E203_SoC/E203_RTL/core/e203_exu_alu_lsuagu.v" has been added to project successfully. 
File "C:/Users/WS/Desktop/SoC/E203_SoC/E203_RTL/core/e203_exu_alu_muldiv.v" has been added to project successfully. 
File "C:/Users/WS/Desktop/SoC/E203_SoC/E203_RTL/core/e203_exu_alu_rglr.v" has been added to project successfully. 
File "C:/Users/WS/Desktop/SoC/E203_SoC/E203_RTL/core/e203_exu_branchslv.v" has been added to project successfully. 
File "C:/Users/WS/Desktop/SoC/E203_SoC/E203_RTL/core/e203_exu_commit.v" has been added to project successfully. 
File "C:/Users/WS/Desktop/SoC/E203_SoC/E203_RTL/core/e203_exu_csr.v" has been added to project successfully. 
File "C:/Users/WS/Desktop/SoC/E203_SoC/E203_RTL/core/e203_exu_decode.v" has been added to project successfully. 
File "C:/Users/WS/Desktop/SoC/E203_SoC/E203_RTL/core/e203_exu_disp.v" has been added to project successfully. 
File "C:/Users/WS/Desktop/SoC/E203_SoC/E203_RTL/core/e203_exu_excp.v" has been added to project successfully. 
File "C:/Users/WS/Desktop/SoC/E203_SoC/E203_RTL/core/e203_exu_longpwbck.v" has been added to project successfully. 
File "C:/Users/WS/Desktop/SoC/E203_SoC/E203_RTL/core/e203_exu_nice.v" has been added to project successfully. 
File "C:/Users/WS/Desktop/SoC/E203_SoC/E203_RTL/core/e203_exu_oitf.v" has been added to project successfully. 
File "C:/Users/WS/Desktop/SoC/E203_SoC/E203_RTL/core/e203_exu_regfile.v" has been added to project successfully. 
File "C:/Users/WS/Desktop/SoC/E203_SoC/E203_RTL/core/e203_exu_wbck.v" has been added to project successfully. 
File "C:/Users/WS/Desktop/SoC/E203_SoC/E203_RTL/core/e203_ifu.v" has been added to project successfully. 
File "C:/Users/WS/Desktop/SoC/E203_SoC/E203_RTL/core/e203_ifu_ifetch.v" has been added to project successfully. 
File "C:/Users/WS/Desktop/SoC/E203_SoC/E203_RTL/core/e203_ifu_ift2icb.v" has been added to project successfully. 
File "C:/Users/WS/Desktop/SoC/E203_SoC/E203_RTL/core/e203_ifu_litebpu.v" has been added to project successfully. 
File "C:/Users/WS/Desktop/SoC/E203_SoC/E203_RTL/core/e203_ifu_minidec.v" has been added to project successfully. 
File "C:/Users/WS/Desktop/SoC/E203_SoC/E203_RTL/core/e203_irq_sync.v" has been added to project successfully. 
File "C:/Users/WS/Desktop/SoC/E203_SoC/E203_RTL/core/e203_itcm_ctrl.v" has been added to project successfully. 
File "C:/Users/WS/Desktop/SoC/E203_SoC/E203_RTL/core/e203_itcm_ram.v" has been added to project successfully. 
File "C:/Users/WS/Desktop/SoC/E203_SoC/E203_RTL/core/e203_lsu.v" has been added to project successfully. 
File "C:/Users/WS/Desktop/SoC/E203_SoC/E203_RTL/core/e203_lsu_ctrl.v" has been added to project successfully. 
File "C:/Users/WS/Desktop/SoC/E203_SoC/E203_RTL/core/e203_reset_ctrl.v" has been added to project successfully. 
File "C:/Users/WS/Desktop/SoC/E203_SoC/E203_RTL/core/e203_srams.v" has been added to project successfully. 
File "C:/Users/WS/Desktop/SoC/E203_SoC/E203_RTL/debug/sirv_debug_csr.v" has been added to project successfully. 
File "C:/Users/WS/Desktop/SoC/E203_SoC/E203_RTL/debug/sirv_debug_module.v" has been added to project successfully. 
File "C:/Users/WS/Desktop/SoC/E203_SoC/E203_RTL/debug/sirv_debug_ram.v" has been added to project successfully. 
File "C:/Users/WS/Desktop/SoC/E203_SoC/E203_RTL/debug/sirv_debug_rom.v" has been added to project successfully. 
File "C:/Users/WS/Desktop/SoC/E203_SoC/E203_RTL/debug/sirv_jtag_dtm.v" has been added to project successfully. 
File "C:/Users/WS/Desktop/SoC/E203_SoC/E203_RTL/fab/sirv_icb1to16_bus.v" has been added to project successfully. 
File "C:/Users/WS/Desktop/SoC/E203_SoC/E203_RTL/fab/sirv_icb1to2_bus.v" has been added to project successfully. 
File "C:/Users/WS/Desktop/SoC/E203_SoC/E203_RTL/fab/sirv_icb1to8_bus.v" has been added to project successfully. 
File "C:/Users/WS/Desktop/SoC/E203_SoC/E203_RTL/general/sirv_1cyc_sram_ctrl.v" has been added to project successfully. 
File "C:/Users/WS/Desktop/SoC/E203_SoC/E203_RTL/general/sirv_gnrl_bufs.v" has been added to project successfully. 
File "C:/Users/WS/Desktop/SoC/E203_SoC/E203_RTL/general/sirv_gnrl_dffs.v" has been added to project successfully. 
File "C:/Users/WS/Desktop/SoC/E203_SoC/E203_RTL/general/sirv_gnrl_icbs.v" has been added to project successfully. 
File "C:/Users/WS/Desktop/SoC/E203_SoC/E203_RTL/general/sirv_gnrl_ram.v" has been added to project successfully. 
File "C:/Users/WS/Desktop/SoC/E203_SoC/E203_RTL/general/sirv_gnrl_xchecker.v" has been added to project successfully. 
File "C:/Users/WS/Desktop/SoC/E203_SoC/E203_RTL/general/sirv_sim_ram.v" has been added to project successfully. 
File "C:/Users/WS/Desktop/SoC/E203_SoC/E203_RTL/general/sirv_sram_icb_ctrl.v" has been added to project successfully. 
File "C:/Users/WS/Desktop/SoC/E203_SoC/E203_RTL/mems/sirv_mrom.v" has been added to project successfully. 
File "C:/Users/WS/Desktop/SoC/E203_SoC/E203_RTL/mems/sirv_mrom_top.v" has been added to project successfully. 
File "C:/Users/WS/Desktop/SoC/E203_SoC/E203_RTL/perips/apb_adv_timer/adv_timer_apb_if.v" has been added to project successfully. 
File "C:/Users/WS/Desktop/SoC/E203_SoC/E203_RTL/perips/apb_adv_timer/apb_adv_timer.v" has been added to project successfully. 
File "C:/Users/WS/Desktop/SoC/E203_SoC/E203_RTL/perips/apb_adv_timer/comparator.v" has been added to project successfully. 
File "C:/Users/WS/Desktop/SoC/E203_SoC/E203_RTL/perips/apb_adv_timer/input_stage.v" has been added to project successfully. 
File "C:/Users/WS/Desktop/SoC/E203_SoC/E203_RTL/perips/apb_adv_timer/prescaler.v" has been added to project successfully. 
File "C:/Users/WS/Desktop/SoC/E203_SoC/E203_RTL/perips/apb_adv_timer/timer_cntrl.v" has been added to project successfully. 
File "C:/Users/WS/Desktop/SoC/E203_SoC/E203_RTL/perips/apb_adv_timer/timer_module.v" has been added to project successfully. 
File "C:/Users/WS/Desktop/SoC/E203_SoC/E203_RTL/perips/apb_adv_timer/up_down_counter.v" has been added to project successfully. 
File "C:/Users/WS/Desktop/SoC/E203_SoC/E203_RTL/perips/apb_gpio/apb_gpio.v" has been added to project successfully. 
File "C:/Users/WS/Desktop/SoC/E203_SoC/E203_RTL/perips/apb_i2c/apb_i2c.v" has been added to project successfully. 
File "C:/Users/WS/Desktop/SoC/E203_SoC/E203_RTL/perips/apb_i2c/i2c_master_bit_ctrl.v" has been added to project successfully. 
File "C:/Users/WS/Desktop/SoC/E203_SoC/E203_RTL/perips/apb_i2c/i2c_master_byte_ctrl.v" has been added to project successfully. 
File "C:/Users/WS/Desktop/SoC/E203_SoC/E203_RTL/perips/apb_spi_master/apb_spi_master.v" has been added to project successfully. 
File "C:/Users/WS/Desktop/SoC/E203_SoC/E203_RTL/perips/apb_spi_master/spi_master_apb_if.v" has been added to project successfully. 
File "C:/Users/WS/Desktop/SoC/E203_SoC/E203_RTL/perips/apb_spi_master/spi_master_clkgen.v" has been added to project successfully. 
File "C:/Users/WS/Desktop/SoC/E203_SoC/E203_RTL/perips/apb_spi_master/spi_master_controller.v" has been added to project successfully. 
File "C:/Users/WS/Desktop/SoC/E203_SoC/E203_RTL/perips/apb_spi_master/spi_master_fifo.v" has been added to project successfully. 
File "C:/Users/WS/Desktop/SoC/E203_SoC/E203_RTL/perips/apb_spi_master/spi_master_rx.v" has been added to project successfully. 
File "C:/Users/WS/Desktop/SoC/E203_SoC/E203_RTL/perips/apb_spi_master/spi_master_tx.v" has been added to project successfully. 
File "C:/Users/WS/Desktop/SoC/E203_SoC/E203_RTL/perips/apb_uart/apb_uart.v" has been added to project successfully. 
File "C:/Users/WS/Desktop/SoC/E203_SoC/E203_RTL/perips/apb_uart/io_generic_fifo.v" has been added to project successfully. 
File "C:/Users/WS/Desktop/SoC/E203_SoC/E203_RTL/perips/apb_uart/uart_interrupt.v" has been added to project successfully. 
File "C:/Users/WS/Desktop/SoC/E203_SoC/E203_RTL/perips/apb_uart/uart_rx.v" has been added to project successfully. 
File "C:/Users/WS/Desktop/SoC/E203_SoC/E203_RTL/perips/apb_uart/uart_tx.v" has been added to project successfully. 
File "C:/Users/WS/Desktop/SoC/E203_SoC/E203_RTL/perips/sirv_aon.v" has been added to project successfully. 
File "C:/Users/WS/Desktop/SoC/E203_SoC/E203_RTL/perips/sirv_aon_lclkgen_regs.v" has been added to project successfully. 
File "C:/Users/WS/Desktop/SoC/E203_SoC/E203_RTL/perips/sirv_aon_porrst.v" has been added to project successfully. 
File "C:/Users/WS/Desktop/SoC/E203_SoC/E203_RTL/perips/sirv_aon_top.v" has been added to project successfully. 
File "C:/Users/WS/Desktop/SoC/E203_SoC/E203_RTL/perips/sirv_aon_wrapper.v" has been added to project successfully. 
File "C:/Users/WS/Desktop/SoC/E203_SoC/E203_RTL/perips/sirv_AsyncResetReg.v" has been added to project successfully. 
File "C:/Users/WS/Desktop/SoC/E203_SoC/E203_RTL/perips/sirv_AsyncResetRegVec.v" has been added to project successfully. 
File "C:/Users/WS/Desktop/SoC/E203_SoC/E203_RTL/perips/sirv_AsyncResetRegVec_1.v" has been added to project successfully. 
File "C:/Users/WS/Desktop/SoC/E203_SoC/E203_RTL/perips/sirv_AsyncResetRegVec_129.v" has been added to project successfully. 
File "C:/Users/WS/Desktop/SoC/E203_SoC/E203_RTL/perips/sirv_AsyncResetRegVec_36.v" has been added to project successfully. 
File "C:/Users/WS/Desktop/SoC/E203_SoC/E203_RTL/perips/sirv_clint.v" has been added to project successfully. 
File "C:/Users/WS/Desktop/SoC/E203_SoC/E203_RTL/perips/sirv_clint_top.v" has been added to project successfully. 
File "C:/Users/WS/Desktop/SoC/E203_SoC/E203_RTL/perips/sirv_DeglitchShiftRegister.v" has been added to project successfully. 
File "C:/Users/WS/Desktop/SoC/E203_SoC/E203_RTL/perips/sirv_expl_axi_slv.v" has been added to project successfully. 
File "C:/Users/WS/Desktop/SoC/E203_SoC/E203_RTL/perips/sirv_flash_qspi.v" has been added to project successfully. 
File "C:/Users/WS/Desktop/SoC/E203_SoC/E203_RTL/perips/sirv_flash_qspi_top.v" has been added to project successfully. 
File "C:/Users/WS/Desktop/SoC/E203_SoC/E203_RTL/perips/sirv_hclkgen_regs.v" has been added to project successfully. 
File "C:/Users/WS/Desktop/SoC/E203_SoC/E203_RTL/perips/sirv_jtaggpioport.v" has been added to project successfully. 
File "C:/Users/WS/Desktop/SoC/E203_SoC/E203_RTL/perips/sirv_LevelGateway.v" has been added to project successfully. 
File "C:/Users/WS/Desktop/SoC/E203_SoC/E203_RTL/perips/sirv_plic_man.v" has been added to project successfully. 
File "C:/Users/WS/Desktop/SoC/E203_SoC/E203_RTL/perips/sirv_plic_top.v" has been added to project successfully. 
File "C:/Users/WS/Desktop/SoC/E203_SoC/E203_RTL/perips/sirv_pmu.v" has been added to project successfully. 
File "C:/Users/WS/Desktop/SoC/E203_SoC/E203_RTL/perips/sirv_pmu_core.v" has been added to project successfully. 
File "C:/Users/WS/Desktop/SoC/E203_SoC/E203_RTL/perips/sirv_qspi_arbiter.v" has been added to project successfully. 
File "C:/Users/WS/Desktop/SoC/E203_SoC/E203_RTL/perips/sirv_qspi_fifo.v" has been added to project successfully. 
File "C:/Users/WS/Desktop/SoC/E203_SoC/E203_RTL/perips/sirv_qspi_media.v" has been added to project successfully. 
File "C:/Users/WS/Desktop/SoC/E203_SoC/E203_RTL/perips/sirv_qspi_physical.v" has been added to project successfully. 
File "C:/Users/WS/Desktop/SoC/E203_SoC/E203_RTL/perips/sirv_queue.v" has been added to project successfully. 
File "C:/Users/WS/Desktop/SoC/E203_SoC/E203_RTL/perips/sirv_queue_1.v" has been added to project successfully. 
File "C:/Users/WS/Desktop/SoC/E203_SoC/E203_RTL/perips/sirv_repeater_6.v" has been added to project successfully. 
File "C:/Users/WS/Desktop/SoC/E203_SoC/E203_RTL/perips/sirv_ResetCatchAndSync.v" has been added to project successfully. 
File "C:/Users/WS/Desktop/SoC/E203_SoC/E203_RTL/perips/sirv_ResetCatchAndSync_2.v" has been added to project successfully. 
File "C:/Users/WS/Desktop/SoC/E203_SoC/E203_RTL/perips/sirv_rtc.v" has been added to project successfully. 
File "C:/Users/WS/Desktop/SoC/E203_SoC/E203_RTL/perips/sirv_spi_flashmap.v" has been added to project successfully. 
File "C:/Users/WS/Desktop/SoC/E203_SoC/E203_RTL/perips/sirv_tl_repeater_5.v" has been added to project successfully. 
File "C:/Users/WS/Desktop/SoC/E203_SoC/E203_RTL/perips/sirv_tlfragmenter_qspi_1.v" has been added to project successfully. 
File "C:/Users/WS/Desktop/SoC/E203_SoC/E203_RTL/perips/sirv_tlwidthwidget_qspi.v" has been added to project successfully. 
File "C:/Users/WS/Desktop/SoC/E203_SoC/E203_RTL/perips/sirv_wdog.v" has been added to project successfully. 
File "C:/Users/WS/Desktop/SoC/E203_SoC/E203_RTL/soc/e203_soc_top.v" has been added to project successfully. 
File "C:/Users/WS/Desktop/SoC/E203_SoC/E203_RTL/subsys/e203_subsys_clint.v" has been added to project successfully. 
File "C:/Users/WS/Desktop/SoC/E203_SoC/E203_RTL/subsys/e203_subsys_gfcm.v" has been added to project successfully. 
File "C:/Users/WS/Desktop/SoC/E203_SoC/E203_RTL/subsys/e203_subsys_hclkgen.v" has been added to project successfully. 
File "C:/Users/WS/Desktop/SoC/E203_SoC/E203_RTL/subsys/e203_subsys_hclkgen_rstsync.v" has been added to project successfully. 
File "C:/Users/WS/Desktop/SoC/E203_SoC/E203_RTL/subsys/e203_subsys_main.v" has been added to project successfully. 
File "C:/Users/WS/Desktop/SoC/E203_SoC/E203_RTL/subsys/e203_subsys_mems.v" has been added to project successfully. 
File "C:/Users/WS/Desktop/SoC/E203_SoC/E203_RTL/subsys/e203_subsys_nice_core.v" has been added to project successfully. 
File "C:/Users/WS/Desktop/SoC/E203_SoC/E203_RTL/subsys/e203_subsys_perips.v" has been added to project successfully. 
File "C:/Users/WS/Desktop/SoC/E203_SoC/E203_RTL/subsys/e203_subsys_plic.v" has been added to project successfully. 
File "C:/Users/WS/Desktop/SoC/E203_SoC/E203_RTL/subsys/e203_subsys_pll.v" has been added to project successfully. 
File "C:/Users/WS/Desktop/SoC/E203_SoC/E203_RTL/subsys/e203_subsys_pllclkdiv.v" has been added to project successfully. 
File "C:/Users/WS/Desktop/SoC/E203_SoC/E203_RTL/subsys/e203_subsys_top.v" has been added to project successfully. 
File "C:/Users/WS/Desktop/SoC/E203_SoC/E203_RTL/system.v" has been added to project successfully. 
File "C:/Users/WS/Desktop/SoC/E203_SoC/E203_RTL/tb/tb_top.v" has been added to project successfully. 
Parse module hierarchy of project 'C:/Users/WS/Desktop/SoC/E203_SoC/PDS/E203/temp_projects/Main_Flow/Main_Flow.pds' (ADS Parser)
